#
# There is insufficient memory for the Java Runtime Environment to continue.
# Native memory allocation (malloc) failed to allocate 68560 bytes for Chunk::new
# Possible reasons:
#   The system is out of physical RAM or swap space
#   In 32 bit mode, the process size limit was hit
# Possible solutions:
#   Reduce memory load on the system
#   Increase physical memory or swap space
#   Check if swap backing store is full
#   Use 64 bit Java on a 64 bit OS
#   Decrease Java heap size (-Xmx/-Xms)
#   Decrease number of Java threads
#   Decrease Java thread stack sizes (-Xss)
#   Set larger code cache with -XX:ReservedCodeCacheSize=
# This output file may be truncated or incomplete.
#
#  Out of Memory Error (allocation.cpp:390), pid=29104, tid=0x0000000000007d54
#
# JRE version: Java(TM) SE Runtime Environment (8.0_144-b01) (build 1.8.0_144-b01)
# Java VM: Java HotSpot(TM) 64-Bit Server VM (25.144-b01 mixed mode windows-amd64 compressed oops)
# Failed to write core dump. Minidumps are not enabled by default on client versions of Windows
#

---------------  T H R E A D  ---------------

Current thread (0x000000001951b000):  JavaThread "C2 CompilerThread2" daemon [_thread_in_native, id=32084, stack(0x000000001ad90000,0x000000001ae90000)]

Stack: [0x000000001ad90000,0x000000001ae90000]
[error occurred during error reporting (printing stack bounds), id 0xc0000005]

Native frames: (J=compiled Java code, j=interpreted, Vv=VM code, C=native code)


Current CompileTask:
C2:   2769 1583   !   4       java.util.zip.ZipFile$ZipFileInputStream::close (110 bytes)


---------------  P R O C E S S  ---------------

Java Threads: ( => current thread )
  0x000000001b83f800 JavaThread "mysql-cj-abandoned-connection-cleanup" daemon [_thread_blocked, id=24808, stack(0x0000000025580000,0x0000000025680000)]
  0x000000001b4c4000 JavaThread "Prism Font Disposer" daemon [_thread_blocked, id=11720, stack(0x00000000222b0000,0x00000000223b0000)]
  0x000000001b3b4800 JavaThread "Thread-3" daemon [_thread_blocked, id=32340, stack(0x0000000020990000,0x0000000020a90000)]
  0x000000001b354000 JavaThread "JavaFX-Launcher" [_thread_blocked, id=32180, stack(0x0000000020a90000,0x0000000020b90000)]
  0x000000001b326000 JavaThread "JavaFX Application Thread" [_thread_blocked, id=30320, stack(0x000000001bcc0000,0x000000001bdc0000)]
  0x000000001b32e800 JavaThread "Thread-1" daemon [_thread_blocked, id=32672, stack(0x000000001bbc0000,0x000000001bcc0000)]
  0x000000001b304000 JavaThread "QuantumRenderer-0" daemon [_thread_blocked, id=29740, stack(0x000000001b990000,0x000000001ba90000)]
  0x00000000195aa000 JavaThread "Service Thread" daemon [_thread_blocked, id=29088, stack(0x000000001af90000,0x000000001b090000)]
  0x000000001951f000 JavaThread "C1 CompilerThread3" daemon [_thread_blocked, id=6108, stack(0x000000001ae90000,0x000000001af90000)]
=>0x000000001951b000 JavaThread "C2 CompilerThread2" daemon [_thread_in_native, id=32084, stack(0x000000001ad90000,0x000000001ae90000)]
  0x0000000019515800 JavaThread "C2 CompilerThread1" daemon [_thread_blocked, id=24416, stack(0x000000001ac90000,0x000000001ad90000)]
  0x0000000019510800 JavaThread "C2 CompilerThread0" daemon [_thread_blocked, id=30176, stack(0x000000001ab90000,0x000000001ac90000)]
  0x000000001950e800 JavaThread "Attach Listener" daemon [_thread_blocked, id=28960, stack(0x000000001aa90000,0x000000001ab90000)]
  0x0000000002d1d800 JavaThread "Signal Dispatcher" daemon [_thread_blocked, id=28812, stack(0x000000001a990000,0x000000001aa90000)]
  0x0000000019503800 JavaThread "Finalizer" daemon [_thread_blocked, id=7028, stack(0x000000001a760000,0x000000001a860000)]
  0x0000000002d1a000 JavaThread "Reference Handler" daemon [_thread_blocked, id=27280, stack(0x000000001a660000,0x000000001a760000)]
  0x0000000002b1e800 JavaThread "main" [_thread_blocked, id=6588, stack(0x0000000002b20000,0x0000000002c20000)]

Other Threads:
  0x00000000194e2800 VMThread [stack: 0x000000001a560000,0x000000001a660000] [id=28608]
  0x00000000195be000 WatcherThread [stack: 0x000000001b090000,0x000000001b190000] [id=25284]

VM state:at safepoint (normal execution)

VM Mutex/Monitor currently owned by a thread:  ([mutex/lock_event])
[0x0000000002b1dd70] Threads_lock - owner thread: 0x00000000194e2800
[0x0000000002b1d2f0] Heap_lock - owner thread: 0x000000001b326000

Heap:
 PSYoungGen      total 37888K, used 23087K [0x00000000d6180000, 0x00000000d8b80000, 0x0000000100000000)
  eden space 32768K, 54% used [0x00000000d6180000,0x00000000d730ee10,0x00000000d8180000)
  from space 5120K, 99% used [0x00000000d8180000,0x00000000d867cf00,0x00000000d8680000)
  to   space 5120K, 99% used [0x00000000d8680000,0x00000000d8b7c3b8,0x00000000d8b80000)
 ParOldGen       total 86016K, used 4830K [0x0000000082400000, 0x0000000087800000, 0x00000000d6180000)
  object space 86016K, 5% used [0x0000000082400000,0x00000000828b7ae0,0x0000000087800000)
 Metaspace       used 20305K, capacity 21209K, committed 21296K, reserved 1073152K
  class space    used 2845K, capacity 3084K, committed 3120K, reserved 1048576K

Card table byte_map: [0x00000000120e0000,0x00000000124d0000] byte_map_base: 0x0000000011cce000

Marking Bits: (ParMarkBitMap*) 0x000000005578d850
 Begin Bits: [0x0000000013170000, 0x00000000150e0000)
 End Bits:   [0x00000000150e0000, 0x0000000017050000)

Polling page: 0x0000000001130000

CodeCache: size=245760Kb used=5199Kb max_used=5211Kb free=240560Kb
 bounds [0x0000000002d20000, 0x0000000003240000, 0x0000000011d20000]
 total_blobs=2287 nmethods=1602 adapters=597
 compilation: enabled

Compilation events (10 events):
Event: 2.764 Thread 0x000000001951f000 1602       3       com.sun.javafx.css.ParsedValueImpl::hashCode (242 bytes)
Event: 2.765 Thread 0x000000001951f000 nmethod 1602 0x0000000003235710 code [0x0000000003235920, 0x0000000003236628]
Event: 2.765 Thread 0x000000001951f000 1596       3       javafx.beans.property.SimpleObjectProperty::<init> (25 bytes)
Event: 2.765 Thread 0x000000001951f000 nmethod 1596 0x0000000003230e10 code [0x0000000003230fa0, 0x00000000032313b0]
Event: 2.765 Thread 0x000000001951f000 1601       1       com.sun.javafx.css.Stylesheet::getStringStore (5 bytes)
Event: 2.765 Thread 0x000000001951f000 nmethod 1601 0x0000000003235450 code [0x00000000032355a0, 0x00000000032356b0]
Event: 2.765 Thread 0x000000001951f000 1603       3       java.util.Locale::equals (75 bytes)
Event: 2.766 Thread 0x000000001951f000 nmethod 1603 0x0000000003238590 code [0x0000000003238740, 0x0000000003238f78]
Event: 2.766 Thread 0x0000000019515800 nmethod 1591 0x0000000003239150 code [0x00000000032392e0, 0x00000000032397d8]
Event: 2.767 Thread 0x000000001951f000 1604  s!   3       com.sun.javafx.tk.Toolkit::getToolkit (250 bytes)

GC Heap History (3 events):
Event: 2.449 GC heap before
{Heap before GC invocations=1 (full 0):
 PSYoungGen      total 37888K, used 32768K [0x00000000d6180000, 0x00000000d8b80000, 0x0000000100000000)
  eden space 32768K, 100% used [0x00000000d6180000,0x00000000d8180000,0x00000000d8180000)
  from space 5120K, 0% used [0x00000000d8680000,0x00000000d8680000,0x00000000d8b80000)
  to   space 5120K, 0% used [0x00000000d8180000,0x00000000d8180000,0x00000000d8680000)
 ParOldGen       total 86016K, used 0K [0x0000000082400000, 0x0000000087800000, 0x00000000d6180000)
  object space 86016K, 0% used [0x0000000082400000,0x0000000082400000,0x0000000087800000)
 Metaspace       used 15157K, capacity 15726K, committed 15872K, reserved 1062912K
  class space    used 2056K, capacity 2234K, committed 2304K, reserved 1048576K
Event: 2.454 GC heap after
Heap after GC invocations=1 (full 0):
 PSYoungGen      total 37888K, used 5107K [0x00000000d6180000, 0x00000000d8b80000, 0x0000000100000000)
  eden space 32768K, 0% used [0x00000000d6180000,0x00000000d6180000,0x00000000d8180000)
  from space 5120K, 99% used [0x00000000d8180000,0x00000000d867cf00,0x00000000d8680000)
  to   space 5120K, 0% used [0x00000000d8680000,0x00000000d8680000,0x00000000d8b80000)
 ParOldGen       total 86016K, used 840K [0x0000000082400000, 0x0000000087800000, 0x00000000d6180000)
  object space 86016K, 0% used [0x0000000082400000,0x00000000824d20a0,0x0000000087800000)
 Metaspace       used 15157K, capacity 15726K, committed 15872K, reserved 1062912K
  class space    used 2056K, capacity 2234K, committed 2304K, reserved 1048576K
}
Event: 2.767 GC heap before
{Heap before GC invocations=2 (full 0):
 PSYoungGen      total 37888K, used 23087K [0x00000000d6180000, 0x00000000d8b80000, 0x0000000100000000)
  eden space 32768K, 54% used [0x00000000d6180000,0x00000000d730ee10,0x00000000d8180000)
  from space 5120K, 99% used [0x00000000d8180000,0x00000000d867cf00,0x00000000d8680000)
  to   space 5120K, 0% used [0x00000000d8680000,0x00000000d8680000,0x00000000d8b80000)
 ParOldGen       total 86016K, used 840K [0x0000000082400000, 0x0000000087800000, 0x00000000d6180000)
  object space 86016K, 0% used [0x0000000082400000,0x00000000824d20a0,0x0000000087800000)
 Metaspace       used 20305K, capacity 21209K, committed 21296K, reserved 1073152K
  class space    used 2845K, capacity 3084K, committed 3120K, reserved 1048576K

Deoptimization events (10 events):
Event: 0.676 Thread 0x000000001b326000 Uncommon trap: reason=class_check action=maybe_recompile pc=0x0000000002e43330 method=java.lang.String.equals(Ljava/lang/Object;)Z @ 8
Event: 0.692 Thread 0x000000001b326000 Uncommon trap: reason=unstable_if action=reinterpret pc=0x0000000003056d1c method=java.lang.String.regionMatches(ZILjava/lang/String;II)Z @ 123
Event: 2.230 Thread 0x000000001b326000 Uncommon trap: reason=unstable_if action=reinterpret pc=0x00000000030a7fa8 method=jdk.internal.org.objectweb.asm.Type.getArgumentsAndReturnSizes(Ljava/lang/String;)I @ 47
Event: 2.449 Thread 0x000000001b326000 Uncommon trap: reason=unstable_if action=reinterpret pc=0x0000000002f86608 method=java.lang.AbstractStringBuilder.append(Ljava/lang/String;)Ljava/lang/AbstractStringBuilder; @ 1
Event: 2.454 Thread 0x000000001b83f800 Uncommon trap: reason=unstable_if action=reinterpret pc=0x00000000030703fc method=java.util.zip.ZipCoder.getBytes(Ljava/lang/String;)[B @ 32
Event: 2.567 Thread 0x000000001b326000 Uncommon trap: reason=predicate action=maybe_recompile pc=0x00000000030344e8 method=sun.net.www.ParseUtil.encodePath(Ljava/lang/String;Z)Ljava/lang/String; @ 36
Event: 2.670 Thread 0x000000001b326000 Uncommon trap: reason=unstable_if action=reinterpret pc=0x0000000002fe47c8 method=com.sun.javafx.image.impl.ByteBgra$ToByteBgraPreConv.doConvert([BII[BIIII)V @ 31
Event: 2.670 Thread 0x000000001b326000 Uncommon trap: reason=unstable_if action=reinterpret pc=0x0000000002fe7184 method=com.sun.javafx.image.impl.BaseByteToByteConverter$FourByteReorderer.doConvert([BII[BIIII)V @ 31
Event: 2.703 Thread 0x000000001b326000 Uncommon trap: reason=unstable_if action=reinterpret pc=0x0000000003171e2c method=java.lang.ClassLoader.checkName(Ljava/lang/String;)Z @ 20
Event: 2.707 Thread 0x000000001b326000 Uncommon trap: reason=unstable_if action=reinterpret pc=0x000000000315971c method=java.util.Properties.loadConvert([CII[C)Ljava/lang/String; @ 72

Internal exceptions (10 events):
Event: 0.550 Thread 0x000000001b326000 Exception <a 'java/lang/ArrayIndexOutOfBoundsException'> (0x00000000d78c4328) thrown at [C:\re\workspace\8-2-build-windows-amd64-cygwin\jdk8u144\9417\hotspot\src\share\vm\runtime\sharedRuntime.cpp, line 605]
Event: 0.550 Thread 0x000000001b326000 Exception <a 'java/lang/ArrayIndexOutOfBoundsException'> (0x00000000d78c5718) thrown at [C:\re\workspace\8-2-build-windows-amd64-cygwin\jdk8u144\9417\hotspot\src\share\vm\runtime\sharedRuntime.cpp, line 605]
Event: 0.571 Thread 0x000000001b326000 Implicit null exception at 0x00000000030304f5 to 0x0000000003030711
Event: 0.571 Thread 0x000000001b326000 Implicit null exception at 0x0000000002fcb058 to 0x0000000002fcb0e6
Event: 0.594 Thread 0x000000001b326000 Exception <a 'java/io/FileNotFoundException'> (0x00000000d7b324d0) thrown at [C:\re\workspace\8-2-build-windows-amd64-cygwin\jdk8u144\9417\hotspot\src\share\vm\prims\jni.cpp, line 709]
Event: 2.449 Thread 0x000000001b326000 Implicit null exception at 0x0000000002f86256 to 0x0000000002f865f1
Event: 2.663 Thread 0x000000001b326000 Exception <a 'java/io/FileNotFoundException'> (0x00000000d6d34f00) thrown at [C:\re\workspace\8-2-build-windows-amd64-cygwin\jdk8u144\9417\hotspot\src\share\vm\prims\jni.cpp, line 709]
Event: 2.664 Thread 0x000000001b326000 Exception <a 'java/io/FileNotFoundException'> (0x00000000d6d3b838) thrown at [C:\re\workspace\8-2-build-windows-amd64-cygwin\jdk8u144\9417\hotspot\src\share\vm\prims\jni.cpp, line 709]
Event: 2.664 Thread 0x000000001b326000 Exception <a 'java/io/FileNotFoundException'> (0x00000000d6d462d0) thrown at [C:\re\workspace\8-2-build-windows-amd64-cygwin\jdk8u144\9417\hotspot\src\share\vm\prims\jni.cpp, line 709]
Event: 2.674 Thread 0x000000001b326000 Exception <a 'java/io/FileNotFoundException'> (0x00000000d6e58f48) thrown at [C:\re\workspace\8-2-build-windows-amd64-cygwin\jdk8u144\9417\hotspot\src\share\vm\prims\jni.cpp, line 709]

Events (10 events):
Event: 2.766 loading class javafx/collections/ListChangeListener$Change done
Event: 2.767 loading class com/sun/javafx/scene/control/behavior/ListViewBehavior
Event: 2.767 loading class com/sun/javafx/scene/control/behavior/ListViewBehavior done
Event: 2.767 loading class javafx/collections/ListChangeListener$Change
Event: 2.767 loading class javafx/collections/ListChangeListener$Change done
Event: 2.767 loading class com/sun/javafx/scene/control/behavior/ListViewBehavior
Event: 2.767 loading class com/sun/javafx/scene/control/behavior/ListViewBehavior done
Event: 2.767 loading class com/sun/javafx/scene/control/behavior/ListViewBehavior$1
Event: 2.767 loading class com/sun/javafx/scene/control/behavior/ListViewBehavior$1 done
Event: 2.767 Executing VM operation: CollectForMetadataAllocation


Dynamic libraries:
0x00007ff60a000000 - 0x00007ff60a037000 	C:\Program Files\Java\jdk1.8.0_144\bin\java.exe
0x00007ffe09520000 - 0x00007ffe09729000 	C:\WINDOWS\SYSTEM32\ntdll.dll
0x00007ffe082c0000 - 0x00007ffe0837e000 	C:\WINDOWS\System32\KERNEL32.DLL
0x00007ffe06c00000 - 0x00007ffe06f7b000 	C:\WINDOWS\System32\KERNELBASE.dll
0x00007ffe08450000 - 0x00007ffe084fe000 	C:\WINDOWS\System32\ADVAPI32.dll
0x00007ffe08180000 - 0x00007ffe08223000 	C:\WINDOWS\System32\msvcrt.dll
0x00007ffe083a0000 - 0x00007ffe0843e000 	C:\WINDOWS\System32\sechost.dll
0x00007ffe08e30000 - 0x00007ffe08f50000 	C:\WINDOWS\System32\RPCRT4.dll
0x00007ffe07d40000 - 0x00007ffe07eed000 	C:\WINDOWS\System32\USER32.dll
0x00007ffe06a70000 - 0x00007ffe06a96000 	C:\WINDOWS\System32\win32u.dll
0x00007ffe07ff0000 - 0x00007ffe08019000 	C:\WINDOWS\System32\GDI32.dll
0x00007ffe070f0000 - 0x00007ffe07208000 	C:\WINDOWS\System32\gdi32full.dll
0x00007ffe06b60000 - 0x00007ffe06bfd000 	C:\WINDOWS\System32\msvcp_win.dll
0x00007ffe07280000 - 0x00007ffe07391000 	C:\WINDOWS\System32\ucrtbase.dll
0x00007ffdeef60000 - 0x00007ffdef205000 	C:\WINDOWS\WinSxS\amd64_microsoft.windows.common-controls_6595b64144ccf1df_6.0.22000.120_none_9d947278b86cc467\COMCTL32.dll
0x00007ffe07ef0000 - 0x00007ffe07f22000 	C:\WINDOWS\System32\IMM32.DLL
0x0000000053390000 - 0x0000000053462000 	C:\Program Files\Java\jdk1.8.0_144\jre\bin\msvcr100.dll
0x0000000054f70000 - 0x000000005580d000 	C:\Program Files\Java\jdk1.8.0_144\jre\bin\server\jvm.dll
0x00007ffe08390000 - 0x00007ffe08398000 	C:\WINDOWS\System32\PSAPI.DLL
0x00007ffdf0000000 - 0x00007ffdf0009000 	C:\WINDOWS\SYSTEM32\WSOCK32.dll
0x00007ffe02330000 - 0x00007ffe02363000 	C:\WINDOWS\SYSTEM32\WINMM.dll
0x00007ffe08020000 - 0x00007ffe0808f000 	C:\WINDOWS\System32\WS2_32.dll
0x00007ffdffd40000 - 0x00007ffdffd4a000 	C:\WINDOWS\SYSTEM32\VERSION.dll
0x0000000054e80000 - 0x0000000054e8f000 	C:\Program Files\Java\jdk1.8.0_144\jre\bin\verify.dll
0x0000000054e50000 - 0x0000000054e79000 	C:\Program Files\Java\jdk1.8.0_144\jre\bin\java.dll
0x0000000054e30000 - 0x0000000054e46000 	C:\Program Files\Java\jdk1.8.0_144\jre\bin\zip.dll
0x00007ffe08670000 - 0x00007ffe08e27000 	C:\WINDOWS\System32\SHELL32.dll
0x00007ffe04af0000 - 0x00007ffe05355000 	C:\WINDOWS\SYSTEM32\windows.storage.dll
0x00007ffe08f50000 - 0x00007ffe092c8000 	C:\WINDOWS\System32\combase.dll
0x00007ffe04980000 - 0x00007ffe04ae6000 	C:\WINDOWS\SYSTEM32\wintypes.dll
0x00007ffe08560000 - 0x00007ffe0864a000 	C:\WINDOWS\System32\SHCORE.dll
0x00007ffe07680000 - 0x00007ffe076dd000 	C:\WINDOWS\System32\shlwapi.dll
0x00007ffe06920000 - 0x00007ffe06941000 	C:\WINDOWS\SYSTEM32\profapi.dll
0x00007ffdd1c10000 - 0x00007ffdd1cff000 	C:\Program Files\Java\jdk1.8.0_144\jre\bin\msvcr120.dll
0x00007ffddd460000 - 0x00007ffddd506000 	C:\Program Files\Java\jdk1.8.0_144\jre\bin\msvcp120.dll
0x00000000530f0000 - 0x0000000053112000 	C:\Program Files\Java\jdk1.8.0_144\jre\bin\prism_d3d.dll
0x00007ffdf64c0000 - 0x00007ffdf6666000 	C:\WINDOWS\system32\d3d9.dll
0x00007ffe05b60000 - 0x00007ffe05b78000 	C:\WINDOWS\SYSTEM32\kernel.appcore.dll
0x00007ffe04380000 - 0x00007ffe043af000 	C:\WINDOWS\SYSTEM32\dwmapi.dll
0x00007ffe041e0000 - 0x00007ffe04218000 	C:\WINDOWS\SYSTEM32\dxcore.dll
0x00007ffe040a0000 - 0x00007ffe0414c000 	C:\WINDOWS\system32\uxtheme.dll
0x00007ffdc9830000 - 0x00007ffdc99f2000 	C:\WINDOWS\System32\DriverStore\FileRepository\iigd_dch.inf_amd64_74dc8483545826b6\igdumdim64.dll
0x00007ffdfd890000 - 0x00007ffdfd9aa000 	C:\WINDOWS\System32\DriverStore\FileRepository\iigd_dch.inf_amd64_74dc8483545826b6\igdgmm64.dll
0x00007ffdb6b10000 - 0x00007ffdba53d000 	C:\WINDOWS\System32\DriverStore\FileRepository\iigd_dch.inf_amd64_74dc8483545826b6\igd9dxva64.dll
0x00007ffe09340000 - 0x00007ffe094da000 	C:\WINDOWS\System32\OLE32.dll
0x00007ffe080a0000 - 0x00007ffe08176000 	C:\WINDOWS\System32\OLEAUT32.dll
0x00007ffe00550000 - 0x00007ffe00594000 	C:\WINDOWS\SYSTEM32\directxdatabasehelper.dll
0x00007ffe05b80000 - 0x00007ffe05bb4000 	C:\WINDOWS\SYSTEM32\ntmarta.dll
0x00000000530a0000 - 0x00000000530e3000 	C:\Program Files\Java\jdk1.8.0_144\jre\bin\glass.dll
0x00007ffe07c30000 - 0x00007ffe07d1c000 	C:\WINDOWS\System32\COMDLG32.dll
0x00007ffe073a0000 - 0x00007ffe074bd000 	C:\WINDOWS\System32\MSCTF.dll
0x00007ffe069f0000 - 0x00007ffe06a6f000 	C:\WINDOWS\System32\bcryptPrimitives.dll
0x00007ffd934a0000 - 0x00007ffd934c1000 	C:\WINDOWS\System32\DriverStore\FileRepository\iigd_dch.inf_amd64_74dc8483545826b6\igdinfo64.dll
0x00007ffdf8570000 - 0x00007ffdfa538000 	C:\WINDOWS\System32\DriverStore\FileRepository\iigd_dch.inf_amd64_74dc8483545826b6\igc64.dll
0x00000000538a0000 - 0x00000000538b4000 	C:\Program Files\Java\jdk1.8.0_144\jre\bin\javafx_font.dll
0x00007ffdf4310000 - 0x00007ffdf456f000 	C:\WINDOWS\SYSTEM32\dwrite.dll
0x00007ffe07f30000 - 0x00007ffe07fe5000 	C:\WINDOWS\System32\clbcatq.dll
0x00007ffdfecf0000 - 0x00007ffdfee9e000 	C:\WINDOWS\SYSTEM32\WindowsCodecs.dll
0x00007ffdc6470000 - 0x00007ffdc64cd000 	C:\WINDOWS\system32\dataexchange.dll
0x00007ffdfddb0000 - 0x00007ffdfe016000 	C:\WINDOWS\system32\twinapi.appcore.dll
0x00007ffe032d0000 - 0x00007ffe03302000 	C:\Program Files\Common Files\Microsoft Shared\Ink\rtscom.dll
0x00007ffdf3170000 - 0x00007ffdf329d000 	C:\WINDOWS\SYSTEM32\textinputframework.dll
0x00007ffe03c40000 - 0x00007ffe03d71000 	C:\WINDOWS\SYSTEM32\CoreMessaging.dll
0x00007ffdffd50000 - 0x00007ffe000bd000 	C:\WINDOWS\SYSTEM32\CoreUIComponents.dll
0x00007ffe06260000 - 0x00007ffe0626c000 	C:\WINDOWS\SYSTEM32\CRYPTBASE.DLL
0x00007ffe00ae0000 - 0x00007ffe01098000 	C:\WINDOWS\SYSTEM32\d2d1.dll
0x00007ffdff640000 - 0x00007ffdff8c0000 	C:\WINDOWS\SYSTEM32\d3d11.dll
0x00007ffe04240000 - 0x00007ffe04333000 	C:\WINDOWS\SYSTEM32\dxgi.dll
0x00007ffdfef30000 - 0x00007ffdff632000 	C:\WINDOWS\SYSTEM32\D3D10Warp.dll
0x0000000055ee0000 - 0x0000000055efa000 	C:\Program Files\Java\jdk1.8.0_144\jre\bin\net.dll
0x00007ffe06000000 - 0x00007ffe06067000 	C:\WINDOWS\system32\mswsock.dll
0x00007ffe056c0000 - 0x00007ffe057a8000 	C:\WINDOWS\SYSTEM32\DNSAPI.dll
0x00007ffe05690000 - 0x00007ffe056bd000 	C:\WINDOWS\SYSTEM32\IPHLPAPI.DLL
0x00007ffe08380000 - 0x00007ffe08389000 	C:\WINDOWS\System32\NSI.dll
0x00007ffdfe720000 - 0x00007ffdfe72a000 	C:\Windows\System32\rasadhlp.dll
0x00007ffdffab0000 - 0x00007ffdffb31000 	C:\WINDOWS\System32\fwpuclnt.dll

VM Arguments:
jvm_args: -Dfile.encoding=UTF-8 
java_command: test.NewFXMain
java_class_path (initial): C:\Users\Administrateur\Downloads\mysql-connector-j-8.0.32\mysql-connector-j-8.0.32\mysql-connector-j-8.0.32.jar;C:\Users\Administrateur\Downloads\jar_files\fontawesomefx-8.2.jar;C:\Users\Administrateur\Downloads\poi-bin-4.1.2-20200217\poi-4.1.2\poi-4.1.2.jar;C:\Users\Administrateur\Downloads\poi-bin-4.1.2-20200217\poi-4.1.2\poi-ooxml-4.1.2.jar;C:\Users\Administrateur\Downloads\poi-bin-4.1.2-20200217\poi-4.1.2\poi-ooxml-schemas-4.1.2.jar;C:\Users\Administrateur\Downloads\poi-bin-4.1.2-20200217\poi-4.1.2\lib\commons-collections4-4.4.jar;C:\Users\Administrateur\Downloads\poi-bin-4.1.2-20200217\poi-4.1.2\lib\commons-math3-3.6.1.jar;C:\Users\Administrateur\Downloads\poi-bin-4.1.2-20200217\poi-4.1.2\lib\commons-compress-1.19.jar;C:\Users\Administrateur\Downloads\poi-bin-4.1.2-20200217\poi-4.1.2\poi-scratchpad-4.1.2.jar;C:\Users\Administrateur\Downloads\poi-bin-4.1.2-20200217\poi-4.1.2\poi-excelant-4.1.2.jar;C:\Users\Administrateur\Downloads\poi-bin-4.1.2-20200217\poi-4.1.2\poi-examples-4.1.2.jar;C:\Users\Administrateur\Downloads\poi-bin-4.1.2-20200217\poi-4.1.2\ooxml-lib\xmlbeans-3.1.0.jar;C:\Users\Administrateur\Downloads\javax.mail.jar;C:\Users\Administrateur\Documents\NetBeansProjects\Projet-pidev\build\classes
Launcher Type: SUN_STANDARD

Environment Variables:
JAVA_HOME=C:\Program Files\Java\jdk1.8.0_144
PATH=C:\oraclexe\app\oracle\product\11.2.0\server\bin;C:\ProgramData\Oracle\Java\javapath;C:\Program Files\Common Files\Oracle\Java\javapath;C:\oraclexe\app\oracle\product\11.2.0\server\bin;C:\Program Files (x86)\Common Files\Intel\Shared Libraries\redist\intel64\compiler;C:\Program Files (x86)\VMware\VMware Player\bin\;C:\Windows\system32;C:\Windows;C:\Windows\System32\Wbem;C:\Windows\System32\WindowsPowerShell\v1.0\;C:\Windows\System32\OpenSSH\;C:\Program Files (x86)\NVIDIA Corporation\PhysX\Common;C:\Program Files\NVIDIA Corporation\NVIDIA NvDLISR;C:\TDM-GCC-64\bin;C:\WINDOWS\system32;C:\WINDOWS;C:\WINDOWS\System32\Wbem;C:\WINDOWS\System32\WindowsPowerShell\v1.0\;C:\WINDOWS\System32\OpenSSH\;C:\Strawberry\c\bin;C:\Strawberry\perl\site\bin;C:\Strawberry\perl\bin;C:\Program Files\TortoiseGit\bin;C:\instantclient12_2;C:\oraclexe\app\oracle\admin\XE;C:\oraclexe;C:\Program Files\Java\jdk1.8.0_144;C:\xampp\php;C:\ProgramData\ComposerSetup\bin;C:\Program Files\Git\cmd;C:\Users\Administrateur\AppData\Local\Microsoft\WindowsApps;C:\Users\Administrateur\AppData\Roaming\Composer\vendor\bin;C:\Users\Administrateur\AppData\Local\Programs\Microsoft VS Code\bin;C:\Users\Administrateur\AppData\Local\GitHubDesktop\bin
USERNAME=Administrateur
OS=Windows_NT
PROCESSOR_IDENTIFIER=Intel64 Family 6 Model 158 Stepping 10, GenuineIntel



---------------  S Y S T E M  ---------------

OS: Windows 10.0 , 64 bit Build 22000 (10.0.22000.1335)

CPU:total 12 (initial active 12) (6 cores per cpu, 2 threads per core) family 6 model 158 stepping 10, cmov, cx8, fxsr, mmx, sse, sse2, sse3, ssse3, sse4.1, sse4.2, popcnt, avx, avx2, aes, clmul, erms, 3dnowpref, lzcnt, ht, tsc, tscinvbit, bmi1, bmi2, adx

Memory: 4k page, physical 8236352k(446444k free), swap 33402176k(4116k free)

vm_info: Java HotSpot(TM) 64-Bit Server VM (25.144-b01) for windows-amd64 JRE (1.8.0_144-b01), built on Jul 21 2017 21:57:33 by "java_re" with MS VC++ 10.0 (VS2010)

time: Tue Mar 07 21:01:10 2023
elapsed time: 2 seconds (0d 0h 0m 2s)

