#
# There is insufficient memory for the Java Runtime Environment to continue.
# Native memory allocation (malloc) failed to allocate 32744 bytes for ChunkPool::allocate
# Possible reasons:
#   The system is out of physical RAM or swap space
#   In 32 bit mode, the process size limit was hit
# Possible solutions:
#   Reduce memory load on the system
#   Increase physical memory or swap space
#   Check if swap backing store is full
#   Use 64 bit Java on a 64 bit OS
#   Decrease Java heap size (-Xmx/-Xms)
#   Decrease number of Java threads
#   Decrease Java thread stack sizes (-Xss)
#   Set larger code cache with -XX:ReservedCodeCacheSize=
# This output file may be truncated or incomplete.
#
#  Out of Memory Error (allocation.cpp:273), pid=43324, tid=0x000000000000c318
#
# JRE version: Java(TM) SE Runtime Environment (8.0_144-b01) (build 1.8.0_144-b01)
# Java VM: Java HotSpot(TM) 64-Bit Server VM (25.144-b01 mixed mode windows-amd64 compressed oops)
# Failed to write core dump. Minidumps are not enabled by default on client versions of Windows
#

---------------  T H R E A D  ---------------

Current thread (0x0000000018f26000):  JavaThread "C2 CompilerThread1" daemon [_thread_in_native, id=49944, stack(0x000000001a6b0000,0x000000001a7b0000)]

Stack: [0x000000001a6b0000,0x000000001a7b0000]
[error occurred during error reporting (printing stack bounds), id 0xc0000005]

Native frames: (J=compiled Java code, j=interpreted, Vv=VM code, C=native code)


Current CompileTask:
C2:  53559 3617       4       com.sun.javafx.event.EventHandlerManager::dispatchCapturingEvent (23 bytes)


---------------  P R O C E S S  ---------------

Java Threads: ( => current thread )
  0x0000000019254000 JavaThread "mysql-cj-abandoned-connection-cleanup" daemon [_thread_blocked, id=51308, stack(0x0000000025540000,0x0000000025640000)]
  0x000000001ae9c000 JavaThread "Prism Font Disposer" daemon [_thread_blocked, id=36540, stack(0x0000000021910000,0x0000000021a10000)]
  0x000000001adbb000 JavaThread "Thread-3" daemon [_thread_in_native, id=50524, stack(0x0000000020460000,0x0000000020560000)]
  0x000000001ad9c800 JavaThread "JavaFX-Launcher" [_thread_blocked, id=47124, stack(0x0000000020560000,0x0000000020660000)]
  0x000000001ad36800 JavaThread "JavaFX Application Thread" [_thread_in_native, id=39424, stack(0x000000001b780000,0x000000001b880000)]
  0x000000001ad27800 JavaThread "Thread-1" daemon [_thread_blocked, id=18900, stack(0x000000001b680000,0x000000001b780000)]
  0x000000001ad0d000 JavaThread "QuantumRenderer-0" daemon [_thread_blocked, id=45916, stack(0x000000001b3b0000,0x000000001b4b0000)]
  0x0000000018fc5000 JavaThread "Service Thread" daemon [_thread_blocked, id=44644, stack(0x000000001a9b0000,0x000000001aab0000)]
  0x0000000018f2e800 JavaThread "C1 CompilerThread3" daemon [_thread_blocked, id=42136, stack(0x000000001a8b0000,0x000000001a9b0000)]
  0x0000000018f2e000 JavaThread "C2 CompilerThread2" daemon [_thread_blocked, id=45128, stack(0x000000001a7b0000,0x000000001a8b0000)]
=>0x0000000018f26000 JavaThread "C2 CompilerThread1" daemon [_thread_in_native, id=49944, stack(0x000000001a6b0000,0x000000001a7b0000)]
  0x0000000018f1e800 JavaThread "C2 CompilerThread0" daemon [_thread_blocked, id=22568, stack(0x000000001a5b0000,0x000000001a6b0000)]
  0x0000000018f1c000 JavaThread "Attach Listener" daemon [_thread_blocked, id=50748, stack(0x000000001a4b0000,0x000000001a5b0000)]
  0x0000000018f1a000 JavaThread "Signal Dispatcher" daemon [_thread_blocked, id=43680, stack(0x000000001a3b0000,0x000000001a4b0000)]
  0x0000000018f13000 JavaThread "Finalizer" daemon [_thread_blocked, id=47680, stack(0x000000001a180000,0x000000001a280000)]
  0x000000000271a000 JavaThread "Reference Handler" daemon [_thread_blocked, id=43404, stack(0x000000001a080000,0x000000001a180000)]
  0x000000000261e800 JavaThread "main" [_thread_blocked, id=20052, stack(0x00000000024d0000,0x00000000025d0000)]

Other Threads:
  0x0000000018ef2800 VMThread [stack: 0x0000000019f80000,0x000000001a080000] [id=41512]
  0x0000000018f46800 WatcherThread [stack: 0x000000001aab0000,0x000000001abb0000] [id=44108]

VM state:not at safepoint (normal execution)

VM Mutex/Monitor currently owned by a thread: None

Heap:
 PSYoungGen      total 37888K, used 27440K [0x00000000d6180000, 0x00000000d8b80000, 0x0000000100000000)
  eden space 32768K, 68% used [0x00000000d6180000,0x00000000d774fb20,0x00000000d8180000)
  from space 5120K, 99% used [0x00000000d8180000,0x00000000d867c540,0x00000000d8680000)
  to   space 5120K, 0% used [0x00000000d8680000,0x00000000d8680000,0x00000000d8b80000)
 ParOldGen       total 49664K, used 16289K [0x0000000082400000, 0x0000000085480000, 0x00000000d6180000)
  object space 49664K, 32% used [0x0000000082400000,0x00000000833e86d8,0x0000000085480000)
 Metaspace       used 30783K, capacity 32429K, committed 32560K, reserved 1077248K
  class space    used 4291K, capacity 4654K, committed 4656K, reserved 1048576K

Card table byte_map: [0x0000000011ae0000,0x0000000011ed0000] byte_map_base: 0x00000000116ce000

Marking Bits: (ParMarkBitMap*) 0x000000006107d850
 Begin Bits: [0x0000000012b70000, 0x0000000014ae0000)
 End Bits:   [0x0000000014ae0000, 0x0000000016a50000)

Polling page: 0x0000000000bc0000

CodeCache: size=245760Kb used=10670Kb max_used=10681Kb free=235089Kb
 bounds [0x0000000002720000, 0x00000000031a0000, 0x0000000011720000]
 total_blobs=4174 nmethods=3421 adapters=664
 compilation: enabled

Compilation events (10 events):
Event: 49.403 Thread 0x0000000018f2e800 nmethod 3611 0x000000000318f750 code [0x000000000318f8a0, 0x000000000318fa70]
Event: 49.407 Thread 0x0000000018f2e800 3613       3       com.sun.prism.d3d.D3DContext::updateCompositeMode (108 bytes)
Event: 49.407 Thread 0x0000000018f2e800 nmethod 3613 0x0000000003192050 code [0x0000000003192280, 0x0000000003192e98]
Event: 49.408 Thread 0x0000000018f2e800 3614       3       com.sun.javafx.geom.Path2D$Iterator::isDone (20 bytes)
Event: 49.408 Thread 0x0000000018f2e800 nmethod 3614 0x000000000318efd0 code [0x000000000318f120, 0x000000000318f2d0]
Event: 53.536 Thread 0x0000000018f2e800 3615       3       com.sun.javafx.geom.transform.Affine3D::<init> (20 bytes)
Event: 53.537 Thread 0x0000000018f2e800 nmethod 3615 0x0000000003193410 code [0x0000000003193580, 0x0000000003193810]
Event: 53.548 Thread 0x0000000018f2e000 3616       4       com.sun.javafx.geom.transform.Translate2D::transform (48 bytes)
Event: 53.549 Thread 0x0000000018f2e000 nmethod 3616 0x0000000003196610 code [0x0000000003196740, 0x00000000031967f8]
Event: 53.555 Thread 0x0000000018f26000 3617       4       com.sun.javafx.event.EventHandlerManager::dispatchCapturingEvent (23 bytes)

GC Heap History (8 events):
Event: 18.561 GC heap before
{Heap before GC invocations=1 (full 0):
 PSYoungGen      total 37888K, used 32768K [0x00000000d6180000, 0x00000000d8b80000, 0x0000000100000000)
  eden space 32768K, 100% used [0x00000000d6180000,0x00000000d8180000,0x00000000d8180000)
  from space 5120K, 0% used [0x00000000d8680000,0x00000000d8680000,0x00000000d8b80000)
  to   space 5120K, 0% used [0x00000000d8180000,0x00000000d8180000,0x00000000d8680000)
 ParOldGen       total 86016K, used 0K [0x0000000082400000, 0x0000000087800000, 0x00000000d6180000)
  object space 86016K, 0% used [0x0000000082400000,0x0000000082400000,0x0000000087800000)
 Metaspace       used 15140K, capacity 15774K, committed 15872K, reserved 1062912K
  class space    used 2044K, capacity 2240K, committed 2304K, reserved 1048576K
Event: 18.567 GC heap after
Heap after GC invocations=1 (full 0):
 PSYoungGen      total 37888K, used 5091K [0x00000000d6180000, 0x00000000d8b80000, 0x0000000100000000)
  eden space 32768K, 0% used [0x00000000d6180000,0x00000000d6180000,0x00000000d8180000)
  from space 5120K, 99% used [0x00000000d8180000,0x00000000d8678ef0,0x00000000d8680000)
  to   space 5120K, 0% used [0x00000000d8680000,0x00000000d8680000,0x00000000d8b80000)
 ParOldGen       total 86016K, used 792K [0x0000000082400000, 0x0000000087800000, 0x00000000d6180000)
  object space 86016K, 0% used [0x0000000082400000,0x00000000824c60a0,0x0000000087800000)
 Metaspace       used 15140K, capacity 15774K, committed 15872K, reserved 1062912K
  class space    used 2044K, capacity 2240K, committed 2304K, reserved 1048576K
}
Event: 19.030 GC heap before
{Heap before GC invocations=2 (full 0):
 PSYoungGen      total 37888K, used 23082K [0x00000000d6180000, 0x00000000d8b80000, 0x0000000100000000)
  eden space 32768K, 54% used [0x00000000d6180000,0x00000000d7311a48,0x00000000d8180000)
  from space 5120K, 99% used [0x00000000d8180000,0x00000000d8678ef0,0x00000000d8680000)
  to   space 5120K, 0% used [0x00000000d8680000,0x00000000d8680000,0x00000000d8b80000)
 ParOldGen       total 86016K, used 792K [0x0000000082400000, 0x0000000087800000, 0x00000000d6180000)
  object space 86016K, 0% used [0x0000000082400000,0x00000000824c60a0,0x0000000087800000)
 Metaspace       used 20378K, capacity 21271K, committed 21296K, reserved 1067008K
  class space    used 2855K, capacity 3095K, committed 3120K, reserved 1048576K
Event: 19.035 GC heap after
Heap after GC invocations=2 (full 0):
 PSYoungGen      total 37888K, used 5091K [0x00000000d6180000, 0x00000000d8b80000, 0x0000000100000000)
  eden space 32768K, 0% used [0x00000000d6180000,0x00000000d6180000,0x00000000d8180000)
  from space 5120K, 99% used [0x00000000d8680000,0x00000000d8b78ef0,0x00000000d8b80000)
  to   space 5120K, 0% used [0x00000000d8180000,0x00000000d8180000,0x00000000d8680000)
 ParOldGen       total 86016K, used 5748K [0x0000000082400000, 0x0000000087800000, 0x00000000d6180000)
  object space 86016K, 6% used [0x0000000082400000,0x000000008299d270,0x0000000087800000)
 Metaspace       used 20378K, capacity 21271K, committed 21296K, reserved 1067008K
  class space    used 2855K, capacity 3095K, committed 3120K, reserved 1048576K
}
Event: 19.035 GC heap before
{Heap before GC invocations=3 (full 1):
 PSYoungGen      total 37888K, used 5091K [0x00000000d6180000, 0x00000000d8b80000, 0x0000000100000000)
  eden space 32768K, 0% used [0x00000000d6180000,0x00000000d6180000,0x00000000d8180000)
  from space 5120K, 99% used [0x00000000d8680000,0x00000000d8b78ef0,0x00000000d8b80000)
  to   space 5120K, 0% used [0x00000000d8180000,0x00000000d8180000,0x00000000d8680000)
 ParOldGen       total 86016K, used 5748K [0x0000000082400000, 0x0000000087800000, 0x00000000d6180000)
  object space 86016K, 6% used [0x0000000082400000,0x000000008299d270,0x0000000087800000)
 Metaspace       used 20378K, capacity 21271K, committed 21296K, reserved 1067008K
  class space    used 2855K, capacity 3095K, committed 3120K, reserved 1048576K
Event: 19.074 GC heap after
Heap after GC invocations=3 (full 1):
 PSYoungGen      total 37888K, used 0K [0x00000000d6180000, 0x00000000d8b80000, 0x0000000100000000)
  eden space 32768K, 0% used [0x00000000d6180000,0x00000000d6180000,0x00000000d8180000)
  from space 5120K, 0% used [0x00000000d8680000,0x00000000d8680000,0x00000000d8b80000)
  to   space 5120K, 0% used [0x00000000d8180000,0x00000000d8180000,0x00000000d8680000)
 ParOldGen       total 49664K, used 10489K [0x0000000082400000, 0x0000000085480000, 0x00000000d6180000)
  object space 49664K, 21% used [0x0000000082400000,0x0000000082e3e7f0,0x0000000085480000)
 Metaspace       used 20378K, capacity 21271K, committed 21296K, reserved 1067008K
  class space    used 2855K, capacity 3095K, committed 3120K, reserved 1048576K
}
Event: 32.783 GC heap before
{Heap before GC invocations=4 (full 1):
 PSYoungGen      total 37888K, used 32768K [0x00000000d6180000, 0x00000000d8b80000, 0x0000000100000000)
  eden space 32768K, 100% used [0x00000000d6180000,0x00000000d8180000,0x00000000d8180000)
  from space 5120K, 0% used [0x00000000d8680000,0x00000000d8680000,0x00000000d8b80000)
  to   space 5120K, 0% used [0x00000000d8180000,0x00000000d8180000,0x00000000d8680000)
 ParOldGen       total 49664K, used 10489K [0x0000000082400000, 0x0000000085480000, 0x00000000d6180000)
  object space 49664K, 21% used [0x0000000082400000,0x0000000082e3e7f0,0x0000000085480000)
 Metaspace       used 25307K, capacity 26707K, committed 26928K, reserved 1073152K
  class space    used 3474K, capacity 3771K, committed 3888K, reserved 1048576K
Event: 32.787 GC heap after
Heap after GC invocations=4 (full 1):
 PSYoungGen      total 37888K, used 5105K [0x00000000d6180000, 0x00000000d8b80000, 0x0000000100000000)
  eden space 32768K, 0% used [0x00000000d6180000,0x00000000d6180000,0x00000000d8180000)
  from space 5120K, 99% used [0x00000000d8180000,0x00000000d867c540,0x00000000d8680000)
  to   space 5120K, 0% used [0x00000000d8680000,0x00000000d8680000,0x00000000d8b80000)
 ParOldGen       total 49664K, used 16289K [0x0000000082400000, 0x0000000085480000, 0x00000000d6180000)
  object space 49664K, 32% used [0x0000000082400000,0x00000000833e86d8,0x0000000085480000)
 Metaspace       used 25307K, capacity 26707K, committed 26928K, reserved 1073152K
  class space    used 3474K, capacity 3771K, committed 3888K, reserved 1048576K
}

Deoptimization events (10 events):
Event: 33.267 Thread 0x000000001ad36800 Uncommon trap: reason=unstable_if action=reinterpret pc=0x0000000002f4d454 method=java.lang.StrictMath.floorOrCeil(DDDD)D @ 38
Event: 33.272 Thread 0x000000001ad36800 Uncommon trap: reason=array_check action=maybe_recompile pc=0x0000000002b5424c method=com.sun.javafx.css.CompoundSelector.applies(Ljavafx/css/Styleable;[Ljava/util/Set;I)Z @ 128
Event: 33.273 Thread 0x000000001ad36800 Uncommon trap: reason=null_check action=make_not_entrant pc=0x0000000002fb318c method=javafx.scene.CssStyleHelper.getCachedFont(Ljavafx/css/Styleable;)Lcom/sun/javafx/css/CalculatedValue; @ 1
Event: 33.300 Thread 0x000000001ad36800 Uncommon trap: reason=bimorphic action=maybe_recompile pc=0x000000000296ca10 method=java.io.FilterInputStream.read()I @ 4
Event: 33.300 Thread 0x000000001ad36800 Uncommon trap: reason=bimorphic action=maybe_recompile pc=0x000000000296ca10 method=java.io.FilterInputStream.read()I @ 4
Event: 33.300 Thread 0x000000001ad36800 Uncommon trap: reason=bimorphic action=maybe_recompile pc=0x000000000296ca10 method=java.io.FilterInputStream.read()I @ 4
Event: 33.300 Thread 0x000000001ad36800 Uncommon trap: reason=bimorphic action=maybe_recompile pc=0x000000000296ca10 method=java.io.FilterInputStream.read()I @ 4
Event: 33.451 Thread 0x000000001ad36800 Uncommon trap: reason=class_check action=maybe_recompile pc=0x0000000002d21f28 method=javafx.scene.Node.updateLocalToParentTransform()V @ 11
Event: 33.451 Thread 0x000000001ad36800 Uncommon trap: reason=class_check action=maybe_recompile pc=0x0000000002d21f28 method=javafx.scene.Node.updateLocalToParentTransform()V @ 11
Event: 33.451 Thread 0x000000001ad36800 Uncommon trap: reason=class_check action=maybe_recompile pc=0x0000000002d21f28 method=javafx.scene.Node.updateLocalToParentTransform()V @ 11

Internal exceptions (10 events):
Event: 18.906 Thread 0x000000001ad36800 Exception <a 'java/io/FileNotFoundException'> (0x00000000d6d2c2d0) thrown at [C:\re\workspace\8-2-build-windows-amd64-cygwin\jdk8u144\9417\hotspot\src\share\vm\prims\jni.cpp, line 709]
Event: 18.906 Thread 0x000000001ad36800 Exception <a 'java/io/FileNotFoundException'> (0x00000000d6d32c38) thrown at [C:\re\workspace\8-2-build-windows-amd64-cygwin\jdk8u144\9417\hotspot\src\share\vm\prims\jni.cpp, line 709]
Event: 18.907 Thread 0x000000001ad36800 Exception <a 'java/io/FileNotFoundException'> (0x00000000d6d3d658) thrown at [C:\re\workspace\8-2-build-windows-amd64-cygwin\jdk8u144\9417\hotspot\src\share\vm\prims\jni.cpp, line 709]
Event: 20.819 Thread 0x000000001ad36800 Exception <a 'java/io/FileNotFoundException'> (0x00000000d67e6758) thrown at [C:\re\workspace\8-2-build-windows-amd64-cygwin\jdk8u144\9417\hotspot\src\share\vm\prims\jni.cpp, line 709]
Event: 20.842 Thread 0x000000001ad36800 Exception <a 'java/lang/ArrayIndexOutOfBoundsException'> (0x00000000d69bd8c0) thrown at [C:\re\workspace\8-2-build-windows-amd64-cygwin\jdk8u144\9417\hotspot\src\share\vm\runtime\sharedRuntime.cpp, line 605]
Event: 20.843 Thread 0x000000001ad36800 Exception <a 'java/lang/ArrayIndexOutOfBoundsException'> (0x00000000d69beaa8) thrown at [C:\re\workspace\8-2-build-windows-amd64-cygwin\jdk8u144\9417\hotspot\src\share\vm\runtime\sharedRuntime.cpp, line 605]
Event: 20.844 Thread 0x000000001ad36800 Exception <a 'java/lang/ArrayIndexOutOfBoundsException'> (0x00000000d69c0500) thrown at [C:\re\workspace\8-2-build-windows-amd64-cygwin\jdk8u144\9417\hotspot\src\share\vm\runtime\sharedRuntime.cpp, line 605]
Event: 21.205 Thread 0x000000001ad0d000 Exception <a 'java/lang/ArrayIndexOutOfBoundsException': -1> (0x00000000d7771798) thrown at [C:\re\workspace\8-2-build-windows-amd64-cygwin\jdk8u144\9417\hotspot\src\share\vm\interpreter\interpreterRuntime.cpp, line 366]
Event: 21.205 Thread 0x000000001ad0d000 Exception <a 'java/lang/ArrayIndexOutOfBoundsException'> (0x00000000d77719d0) thrown at [C:\re\workspace\8-2-build-windows-amd64-cygwin\jdk8u144\9417\hotspot\src\share\vm\runtime\sharedRuntime.cpp, line 605]
Event: 33.273 Thread 0x000000001ad36800 Implicit null exception at 0x0000000002faa5f4 to 0x0000000002fb315d

Events (10 events):
Event: 35.466 loading class com/sun/javafx/tk/quantum/ViewScene
Event: 35.466 loading class com/sun/javafx/tk/quantum/ViewScene done
Event: 35.466 loading class com/sun/javafx/tk/quantum/WindowStage
Event: 35.466 loading class com/sun/javafx/tk/quantum/WindowStage done
Event: 53.540 loading class java/lang/Throwable$WrappedPrintStream
Event: 53.540 loading class java/lang/Throwable$PrintStreamOrWriter
Event: 53.540 loading class java/lang/Throwable$PrintStreamOrWriter done
Event: 53.540 loading class java/lang/Throwable$WrappedPrintStream done
Event: 53.541 loading class java/util/IdentityHashMap$KeySet
Event: 53.541 loading class java/util/IdentityHashMap$KeySet done


Dynamic libraries:
0x00007ff75bc80000 - 0x00007ff75bcb7000 	C:\Program Files\Java\jdk1.8.0_144\bin\java.exe
0x00007ffff1ac0000 - 0x00007ffff1cc9000 	C:\WINDOWS\SYSTEM32\ntdll.dll
0x00007ffff0e60000 - 0x00007ffff0f1e000 	C:\WINDOWS\System32\KERNEL32.DLL
0x00007fffef120000 - 0x00007fffef49b000 	C:\WINDOWS\System32\KERNELBASE.dll
0x00007ffff14a0000 - 0x00007ffff154e000 	C:\WINDOWS\System32\ADVAPI32.dll
0x00007ffff0390000 - 0x00007ffff0433000 	C:\WINDOWS\System32\msvcrt.dll
0x00007ffff0b70000 - 0x00007ffff0c0e000 	C:\WINDOWS\System32\sechost.dll
0x00007ffff09e0000 - 0x00007ffff0b00000 	C:\WINDOWS\System32\RPCRT4.dll
0x00007ffff01e0000 - 0x00007ffff038d000 	C:\WINDOWS\System32\USER32.dll
0x00007fffef910000 - 0x00007fffef936000 	C:\WINDOWS\System32\win32u.dll
0x00007ffff1470000 - 0x00007ffff1499000 	C:\WINDOWS\System32\GDI32.dll
0x00007fffef4a0000 - 0x00007fffef5b8000 	C:\WINDOWS\System32\gdi32full.dll
0x00007fffef870000 - 0x00007fffef90d000 	C:\WINDOWS\System32\msvcp_win.dll
0x00007fffeef90000 - 0x00007fffef0a1000 	C:\WINDOWS\System32\ucrtbase.dll
0x00007fffd8780000 - 0x00007fffd8a25000 	C:\WINDOWS\WinSxS\amd64_microsoft.windows.common-controls_6595b64144ccf1df_6.0.22000.120_none_9d947278b86cc467\COMCTL32.dll
0x00007ffff12a0000 - 0x00007ffff12d2000 	C:\WINDOWS\System32\IMM32.DLL
0x000000005edd0000 - 0x000000005eea2000 	C:\Program Files\Java\jdk1.8.0_144\jre\bin\msvcr100.dll
0x0000000060860000 - 0x00000000610fd000 	C:\Program Files\Java\jdk1.8.0_144\jre\bin\server\jvm.dll
0x00007ffff1a70000 - 0x00007ffff1a78000 	C:\WINDOWS\System32\PSAPI.DLL
0x00007fffe81e0000 - 0x00007fffe81ea000 	C:\WINDOWS\SYSTEM32\VERSION.dll
0x00007fffea010000 - 0x00007fffea043000 	C:\WINDOWS\SYSTEM32\WINMM.dll
0x00007fffd8730000 - 0x00007fffd8739000 	C:\WINDOWS\SYSTEM32\WSOCK32.dll
0x00007fffef950000 - 0x00007fffef9bf000 	C:\WINDOWS\System32\WS2_32.dll
0x0000000060770000 - 0x000000006077f000 	C:\Program Files\Java\jdk1.8.0_144\jre\bin\verify.dll
0x0000000060740000 - 0x0000000060769000 	C:\Program Files\Java\jdk1.8.0_144\jre\bin\java.dll
0x0000000060720000 - 0x0000000060736000 	C:\Program Files\Java\jdk1.8.0_144\jre\bin\zip.dll
0x00007fffefa20000 - 0x00007ffff01d7000 	C:\WINDOWS\System32\SHELL32.dll
0x00007fffed090000 - 0x00007fffed8f5000 	C:\WINDOWS\SYSTEM32\windows.storage.dll
0x00007ffff0f20000 - 0x00007ffff1298000 	C:\WINDOWS\System32\combase.dll
0x00007fffecf20000 - 0x00007fffed086000 	C:\WINDOWS\SYSTEM32\wintypes.dll
0x00007ffff12f0000 - 0x00007ffff13da000 	C:\WINDOWS\System32\SHCORE.dll
0x00007ffff0c30000 - 0x00007ffff0c8d000 	C:\WINDOWS\System32\shlwapi.dll
0x00007fffeeec0000 - 0x00007fffeeee1000 	C:\WINDOWS\SYSTEM32\profapi.dll
0x00007fffb9bb0000 - 0x00007fffb9c9f000 	C:\Program Files\Java\jdk1.8.0_144\jre\bin\msvcr120.dll
0x00007fffbb140000 - 0x00007fffbb1e6000 	C:\Program Files\Java\jdk1.8.0_144\jre\bin\msvcp120.dll
0x000000005eac0000 - 0x000000005eae2000 	C:\Program Files\Java\jdk1.8.0_144\jre\bin\prism_d3d.dll
0x00007fffddcc0000 - 0x00007fffdde66000 	C:\WINDOWS\system32\d3d9.dll
0x00007fffee100000 - 0x00007fffee118000 	C:\WINDOWS\SYSTEM32\kernel.appcore.dll
0x00007fffeca00000 - 0x00007fffeca2f000 	C:\WINDOWS\SYSTEM32\dwmapi.dll
0x00007fffec7a0000 - 0x00007fffec7d8000 	C:\WINDOWS\SYSTEM32\dxcore.dll
0x00007fffec6c0000 - 0x00007fffec76c000 	C:\WINDOWS\system32\uxtheme.dll
0x00007fff9ec30000 - 0x00007fff9edf2000 	C:\WINDOWS\System32\DriverStore\FileRepository\iigd_dch.inf_amd64_74dc8483545826b6\igdumdim64.dll
0x00007fffe5aa0000 - 0x00007fffe5bba000 	C:\WINDOWS\System32\DriverStore\FileRepository\iigd_dch.inf_amd64_74dc8483545826b6\igdgmm64.dll
0x00007fff51580000 - 0x00007fff54fad000 	C:\WINDOWS\System32\DriverStore\FileRepository\iigd_dch.inf_amd64_74dc8483545826b6\igd9dxva64.dll
0x00007ffff0560000 - 0x00007ffff06fa000 	C:\WINDOWS\System32\OLE32.dll
0x00007ffff0c90000 - 0x00007ffff0d66000 	C:\WINDOWS\System32\OLEAUT32.dll
0x00007fffe8b10000 - 0x00007fffe8b54000 	C:\WINDOWS\SYSTEM32\directxdatabasehelper.dll
0x00007fffee120000 - 0x00007fffee154000 	C:\WINDOWS\SYSTEM32\ntmarta.dll
0x000000005ea70000 - 0x000000005eab3000 	C:\Program Files\Java\jdk1.8.0_144\jre\bin\glass.dll
0x00007ffff0d70000 - 0x00007ffff0e5c000 	C:\WINDOWS\System32\COMDLG32.dll
0x00007ffff0440000 - 0x00007ffff055d000 	C:\WINDOWS\System32\MSCTF.dll
0x00007fffef730000 - 0x00007fffef7af000 	C:\WINDOWS\System32\bcryptPrimitives.dll
0x00007fffb0830000 - 0x00007fffb0851000 	C:\WINDOWS\System32\DriverStore\FileRepository\iigd_dch.inf_amd64_74dc8483545826b6\igdinfo64.dll
0x00007fffe0bd0000 - 0x00007fffe2b98000 	C:\WINDOWS\System32\DriverStore\FileRepository\iigd_dch.inf_amd64_74dc8483545826b6\igc64.dll
0x000000005ea50000 - 0x000000005ea64000 	C:\Program Files\Java\jdk1.8.0_144\jre\bin\javafx_font.dll
0x00007fffd1830000 - 0x00007fffd1a8f000 	C:\WINDOWS\SYSTEM32\dwrite.dll
0x00007ffff08c0000 - 0x00007ffff0975000 	C:\WINDOWS\System32\clbcatq.dll
0x00007fffe6f40000 - 0x00007fffe70ee000 	C:\WINDOWS\SYSTEM32\WindowsCodecs.dll
0x00007fffd8c40000 - 0x00007fffd8c9d000 	C:\WINDOWS\system32\dataexchange.dll
0x00007fffe5e60000 - 0x00007fffe60c6000 	C:\WINDOWS\system32\twinapi.appcore.dll
0x00007fffb7fb0000 - 0x00007fffb7fe2000 	C:\Program Files\Common Files\Microsoft Shared\Ink\rtscom.dll
0x00007fffdbda0000 - 0x00007fffdbecd000 	C:\WINDOWS\SYSTEM32\textinputframework.dll
0x00007fffec200000 - 0x00007fffec331000 	C:\WINDOWS\SYSTEM32\CoreMessaging.dll
0x00007fffe8280000 - 0x00007fffe85ed000 	C:\WINDOWS\SYSTEM32\CoreUIComponents.dll
0x00007fffee800000 - 0x00007fffee80c000 	C:\WINDOWS\SYSTEM32\CRYPTBASE.DLL
0x00007fffdc970000 - 0x00007fffdca1e000 	C:\WINDOWS\SYSTEM32\TextShaping.dll
0x00007fffe9150000 - 0x00007fffe9708000 	C:\WINDOWS\SYSTEM32\d2d1.dll
0x00007fffe7b10000 - 0x00007fffe7d90000 	C:\WINDOWS\SYSTEM32\d3d11.dll
0x00007fffec7e0000 - 0x00007fffec8d3000 	C:\WINDOWS\SYSTEM32\dxgi.dll
0x00007fffe72a0000 - 0x00007fffe79a2000 	C:\WINDOWS\SYSTEM32\D3D10Warp.dll
0x00007fffd57c0000 - 0x00007fffd582a000 	C:\WINDOWS\system32\Ninput.dll
0x0000000061a70000 - 0x0000000061a8a000 	C:\Program Files\Java\jdk1.8.0_144\jre\bin\net.dll
0x00007fffee5a0000 - 0x00007fffee607000 	C:\WINDOWS\system32\mswsock.dll
0x00007fffedc60000 - 0x00007fffedd48000 	C:\WINDOWS\SYSTEM32\DNSAPI.dll
0x00007fffedc30000 - 0x00007fffedc5d000 	C:\WINDOWS\SYSTEM32\IPHLPAPI.DLL
0x00007fffef940000 - 0x00007fffef949000 	C:\WINDOWS\System32\NSI.dll
0x00007fffe6e80000 - 0x00007fffe6e8a000 	C:\Windows\System32\rasadhlp.dll
0x00007fffe81f0000 - 0x00007fffe8271000 	C:\WINDOWS\System32\fwpuclnt.dll
0x000000005ea30000 - 0x000000005ea41000 	C:\Program Files\Java\jdk1.8.0_144\jre\bin\prism_common.dll
0x00007fffb9ca0000 - 0x00007fffb9e5f000 	C:\WINDOWS\SYSTEM32\DUI70.dll
0x00007fffba910000 - 0x00007fffba9a9000 	C:\WINDOWS\SYSTEM32\DUser.dll
0x00007fffb7c20000 - 0x00007fffb7e90000 	C:\WINDOWS\system32\explorerframe.dll
0x00007fffd5850000 - 0x00007fffd58b6000 	C:\Windows\System32\thumbcache.dll
0x00007fffdce20000 - 0x00007fffdcfe2000 	C:\Windows\System32\Windows.Globalization.dll
0x00007fffdd6e0000 - 0x00007fffdd706000 	C:\WINDOWS\SYSTEM32\globinputhost.dll
0x00007fffdf1a0000 - 0x00007fffdf205000 	C:\WINDOWS\SYSTEM32\Bcp47Langs.dll
0x00007fffa1120000 - 0x00007fffa11c6000 	C:\Program Files\Common Files\microsoft shared\ink\tiptsf.dll
0x00007fffeaf90000 - 0x00007fffeb087000 	C:\WINDOWS\SYSTEM32\PROPSYS.dll
0x00007fffc8460000 - 0x00007fffc8486000 	C:\WINDOWS\SYSTEM32\edputil.dll
0x00007fffd2d30000 - 0x00007fffd2d89000 	C:\WINDOWS\SYSTEM32\VAULTCLI.dll
0x00007fffdc190000 - 0x00007fffdc1f9000 	C:\WINDOWS\system32\OLEACC.dll
0x00007fffac680000 - 0x00007fffacabf000 	C:\Windows\System32\uiautomationcore.dll
0x00007fffee690000 - 0x00007fffee6b9000 	C:\Windows\System32\USERENV.dll
0x00007fffeee00000 - 0x00007fffeeeac000 	C:\WINDOWS\SYSTEM32\sxs.dll
0x00007fffbde60000 - 0x00007fffbde6d000 	C:\WINDOWS\SYSTEM32\atlthunk.dll
0x00007fffe70f0000 - 0x00007fffe71a6000 	C:\WINDOWS\System32\StructuredQuery.dll
0x00007fffdc120000 - 0x00007fffdc13d000 	C:\WINDOWS\SYSTEM32\MPR.dll
0x00007fffc8490000 - 0x00007fffc8508000 	C:\Windows\System32\Windows.FileExplorer.Common.dll
0x00007fff973e0000 - 0x00007fff9740c000 	C:\WINDOWS\System32\p9np.dll
0x00007fffd10d0000 - 0x00007fffd10dc000 	C:\WINDOWS\System32\drprov.dll
0x00007fff8aa00000 - 0x00007fff8aa20000 	C:\WINDOWS\System32\ntlanman.dll
0x00007fff7dd10000 - 0x00007fff7dd2e000 	C:\WINDOWS\System32\davclnt.dll
0x00007fffe9cd0000 - 0x00007fffe9f83000 	C:\Windows\System32\iertutil.dll
0x00007fffedbc0000 - 0x00007fffedc24000 	C:\WINDOWS\System32\WINSTA.dll
0x00007fffe8ba0000 - 0x00007fffe8bba000 	C:\WINDOWS\System32\wkscli.dll
0x00007fffbbd30000 - 0x00007fffbbd42000 	C:\WINDOWS\SYSTEM32\cscapi.dll
0x00007fffedbb0000 - 0x00007fffedbbc000 	C:\WINDOWS\System32\netutils.dll
0x00007fffeec90000 - 0x00007fffeecdc000 	C:\WINDOWS\SYSTEM32\CFGMGR32.dll
0x00007fffec5a0000 - 0x00007fffec632000 	C:\WINDOWS\SYSTEM32\apphelp.dll
0x00007fffabfd0000 - 0x00007fffac027000 	C:\Windows\System32\dlnashext.dll
0x00007fffc45c0000 - 0x00007fffc462e000 	C:\Windows\System32\PlayToDevice.dll
0x00007fffe6a00000 - 0x00007fffe6a21000 	C:\Windows\System32\DevDispItemProvider.dll
0x00007fffab0a0000 - 0x00007fffab176000 	C:\WINDOWS\system32\Windows.Storage.Search.dll
0x00007fffe5710000 - 0x00007fffe584a000 	C:\Windows\System32\Windows.System.Launcher.dll
0x00007fffe8be0000 - 0x00007fffe8c72000 	C:\Windows\System32\msvcp110_win.dll
0x00007fffe8e60000 - 0x00007fffe8e7b000 	C:\WINDOWS\SYSTEM32\windows.staterepositorycore.dll
0x00007fffee390000 - 0x00007fffee3d2000 	C:\WINDOWS\SYSTEM32\SspiCli.dll
0x00007fffdfa30000 - 0x00007fffdfa49000 	C:\WINDOWS\SYSTEM32\samcli.dll
0x00007fffe8ed0000 - 0x00007fffe8ef7000 	C:\WINDOWS\SYSTEM32\SAMLIB.dll
0x00007fffd0a60000 - 0x00007fffd0b28000 	C:\Windows\System32\twinapi.dll
0x00007fffce860000 - 0x00007fffce8c7000 	C:\WINDOWS\SYSTEM32\mscoree.dll
0x00007fff81350000 - 0x00007fff81368000 	C:\WINDOWS\system32\NetworkExplorer.dll
0x00007fffcda80000 - 0x00007fffcdb2a000 	C:\Windows\Microsoft.NET\Framework64\v4.0.30319\mscoreei.dll
0x00007fffccca0000 - 0x00007fffcd7d4000 	C:\Windows\Microsoft.NET\Framework64\v4.0.30319\clr.dll
0x00007fffccc80000 - 0x00007fffccc96000 	C:\WINDOWS\SYSTEM32\VCRUNTIME140_CLR0400.dll
0x00007fffccbc0000 - 0x00007fffccc7d000 	C:\WINDOWS\SYSTEM32\ucrtbase_clr0400.dll
0x00007fffea050000 - 0x00007fffea240000 	C:\WINDOWS\SYSTEM32\urlmon.dll
0x00007fffe9b00000 - 0x00007fffe9b28000 	C:\WINDOWS\SYSTEM32\srvcli.dll

VM Arguments:
jvm_args: -Dfile.encoding=UTF-8 
java_command: test.NewFXMain
java_class_path (initial): C:\Users\Administrateur\Downloads\mysql-connector-j-8.0.32\mysql-connector-j-8.0.32\mysql-connector-j-8.0.32.jar;C:\Users\Administrateur\Downloads\jar_files\fontawesomefx-8.2.jar;C:\Users\Administrateur\Downloads\poi-bin-4.1.2-20200217\poi-4.1.2\poi-4.1.2.jar;C:\Users\Administrateur\Downloads\poi-bin-4.1.2-20200217\poi-4.1.2\poi-ooxml-4.1.2.jar;C:\Users\Administrateur\Downloads\poi-bin-4.1.2-20200217\poi-4.1.2\poi-ooxml-schemas-4.1.2.jar;C:\Users\Administrateur\Downloads\poi-bin-4.1.2-20200217\poi-4.1.2\lib\commons-collections4-4.4.jar;C:\Users\Administrateur\Downloads\poi-bin-4.1.2-20200217\poi-4.1.2\lib\commons-math3-3.6.1.jar;C:\Users\Administrateur\Downloads\poi-bin-4.1.2-20200217\poi-4.1.2\lib\commons-compress-1.19.jar;C:\Users\Administrateur\Downloads\poi-bin-4.1.2-20200217\poi-4.1.2\poi-scratchpad-4.1.2.jar;C:\Users\Administrateur\Downloads\poi-bin-4.1.2-20200217\poi-4.1.2\poi-excelant-4.1.2.jar;C:\Users\Administrateur\Downloads\poi-bin-4.1.2-20200217\poi-4.1.2\poi-examples-4.1.2.jar;C:\Users\Administrateur\Downloads\poi-bin-4.1.2-20200217\poi-4.1.2\ooxml-lib\xmlbeans-3.1.0.jar;C:\Users\Administrateur\Documents\NetBeansProjects\Projet-pidev\build\classes
Launcher Type: SUN_STANDARD

Environment Variables:
JAVA_HOME=C:\Program Files\Java\jdk1.8.0_144
PATH=C:\oraclexe\app\oracle\product\11.2.0\server\bin;C:\ProgramData\Oracle\Java\javapath;C:\Program Files\Common Files\Oracle\Java\javapath;C:\oraclexe\app\oracle\product\11.2.0\server\bin;C:\Program Files (x86)\Common Files\Intel\Shared Libraries\redist\intel64\compiler;C:\Program Files (x86)\VMware\VMware Player\bin\;C:\Windows\system32;C:\Windows;C:\Windows\System32\Wbem;C:\Windows\System32\WindowsPowerShell\v1.0\;C:\Windows\System32\OpenSSH\;C:\Program Files (x86)\NVIDIA Corporation\PhysX\Common;C:\Program Files\NVIDIA Corporation\NVIDIA NvDLISR;C:\TDM-GCC-64\bin;C:\WINDOWS\system32;C:\WINDOWS;C:\WINDOWS\System32\Wbem;C:\WINDOWS\System32\WindowsPowerShell\v1.0\;C:\WINDOWS\System32\OpenSSH\;C:\Strawberry\c\bin;C:\Strawberry\perl\site\bin;C:\Strawberry\perl\bin;C:\Program Files\TortoiseGit\bin;C:\instantclient12_2;C:\oraclexe\app\oracle\admin\XE;C:\oraclexe;C:\Program Files\Java\jdk1.8.0_144;C:\xampp\php;C:\ProgramData\ComposerSetup\bin;C:\Program Files\Git\cmd;C:\Users\Administrateur\AppData\Local\Microsoft\WindowsApps;C:\Users\Administrateur\AppData\Roaming\Composer\vendor\bin;C:\Users\Administrateur\AppData\Local\Programs\Microsoft VS Code\bin;C:\Users\Administrateur\AppData\Local\GitHubDesktop\bin
USERNAME=Administrateur
OS=Windows_NT
PROCESSOR_IDENTIFIER=Intel64 Family 6 Model 158 Stepping 10, GenuineIntel



---------------  S Y S T E M  ---------------

OS: Windows 10.0 , 64 bit Build 22000 (10.0.22000.1335)

CPU:total 12 (initial active 12) (6 cores per cpu, 2 threads per core) family 6 model 158 stepping 10, cmov, cx8, fxsr, mmx, sse, sse2, sse3, ssse3, sse4.1, sse4.2, popcnt, avx, avx2, aes, clmul, erms, 3dnowpref, lzcnt, ht, tsc, tscinvbit, bmi1, bmi2, adx

Memory: 4k page, physical 8236352k(264128k free), swap 33402176k(8k free)

vm_info: Java HotSpot(TM) 64-Bit Server VM (25.144-b01) for windows-amd64 JRE (1.8.0_144-b01), built on Jul 21 2017 21:57:33 by "java_re" with MS VC++ 10.0 (VS2010)

time: Sat Mar 04 19:42:37 2023
elapsed time: 53 seconds (0d 0h 0m 53s)

