#
# There is insufficient memory for the Java Runtime Environment to continue.
# Native memory allocation (malloc) failed to allocate 1048576 bytes for AllocateHeap
# Possible reasons:
#   The system is out of physical RAM or swap space
#   In 32 bit mode, the process size limit was hit
# Possible solutions:
#   Reduce memory load on the system
#   Increase physical memory or swap space
#   Check if swap backing store is full
#   Use 64 bit Java on a 64 bit OS
#   Decrease Java heap size (-Xmx/-Xms)
#   Decrease number of Java threads
#   Decrease Java thread stack sizes (-Xss)
#   Set larger code cache with -XX:ReservedCodeCacheSize=
# This output file may be truncated or incomplete.
#
#  Out of Memory Error (memory/allocation.inline.hpp:61), pid=38072, tid=0x0000000000006da4
#
# JRE version:  (8.0_144-b01) (build )
# Java VM: Java HotSpot(TM) 64-Bit Server VM (25.144-b01 mixed mode windows-amd64 compressed oops)
# Failed to write core dump. Minidumps are not enabled by default on client versions of Windows
#

---------------  T H R E A D  ---------------

Current thread (0x00000000030ee800):  JavaThread "Unknown thread" [_thread_in_vm, id=28068, stack(0x00000000030f0000,0x00000000031f0000)]

Stack: [0x00000000030f0000,0x00000000031f0000]
[error occurred during error reporting (printing stack bounds), id 0xc0000005]

Native frames: (J=compiled Java code, j=interpreted, Vv=VM code, C=native code)


---------------  P R O C E S S  ---------------

Java Threads: ( => current thread )

Other Threads:

=>0x00000000030ee800 (exited) JavaThread "Unknown thread" [_thread_in_vm, id=28068, stack(0x00000000030f0000,0x00000000031f0000)]

VM state:not at safepoint (normal execution)

VM Mutex/Monitor currently owned by a thread: None

Heap:
 PSYoungGen      total 37888K, used 655K [0x00000000d6180000, 0x00000000d8b80000, 0x0000000100000000)
  eden space 32768K, 2% used [0x00000000d6180000,0x00000000d6223d80,0x00000000d8180000)
  from space 5120K, 0% used [0x00000000d8680000,0x00000000d8680000,0x00000000d8b80000)
  to   space 5120K, 0% used [0x00000000d8180000,0x00000000d8180000,0x00000000d8680000)
 ParOldGen       total 86016K, used 0K [0x0000000082400000, 0x0000000087800000, 0x00000000d6180000)
  object space 86016K, 0% used [0x0000000082400000,0x0000000082400000,0x0000000087800000)
 Metaspace       used 770K, capacity 4480K, committed 4480K, reserved 1056768K
  class space    used 75K, capacity 384K, committed 384K, reserved 1048576K

Card table byte_map: [0x00000000126b0000,0x0000000012aa0000] byte_map_base: 0x000000001229e000

Marking Bits: (ParMarkBitMap*) 0x000000006107d850
 Begin Bits: [0x0000000013740000, 0x00000000156b0000)
 End Bits:   [0x00000000156b0000, 0x0000000017620000)

Polling page: 0x00000000011e0000

CodeCache: size=245760Kb used=328Kb max_used=328Kb free=245431Kb
 bounds [0x00000000032f0000, 0x0000000003560000, 0x00000000122f0000]
 total_blobs=58 nmethods=0 adapters=38
 compilation: enabled

Compilation events (0 events):
No events

GC Heap History (0 events):
No events

Deoptimization events (0 events):
No events

Internal exceptions (0 events):
No events

Events (10 events):
Event: 0.019 loading class java/lang/Short
Event: 0.019 loading class java/lang/Short done
Event: 0.019 loading class java/lang/Integer
Event: 0.019 loading class java/lang/Integer done
Event: 0.019 loading class java/lang/Long
Event: 0.019 loading class java/lang/Long done
Event: 0.020 loading class java/lang/NullPointerException
Event: 0.020 loading class java/lang/NullPointerException done
Event: 0.020 loading class java/lang/ArithmeticException
Event: 0.020 loading class java/lang/ArithmeticException done


Dynamic libraries:
0x00007ff75bc80000 - 0x00007ff75bcb7000 	C:\Program Files\Java\jdk1.8.0_144\bin\java.exe
0x00007ffff1ac0000 - 0x00007ffff1cc9000 	C:\WINDOWS\SYSTEM32\ntdll.dll
0x00007ffff0e60000 - 0x00007ffff0f1e000 	C:\WINDOWS\System32\KERNEL32.DLL
0x00007fffef120000 - 0x00007fffef49b000 	C:\WINDOWS\System32\KERNELBASE.dll
0x00007ffff14a0000 - 0x00007ffff154e000 	C:\WINDOWS\System32\ADVAPI32.dll
0x00007ffff0390000 - 0x00007ffff0433000 	C:\WINDOWS\System32\msvcrt.dll
0x00007ffff0b70000 - 0x00007ffff0c0e000 	C:\WINDOWS\System32\sechost.dll
0x00007ffff09e0000 - 0x00007ffff0b00000 	C:\WINDOWS\System32\RPCRT4.dll
0x00007ffff01e0000 - 0x00007ffff038d000 	C:\WINDOWS\System32\USER32.dll
0x00007fffef910000 - 0x00007fffef936000 	C:\WINDOWS\System32\win32u.dll
0x00007ffff1470000 - 0x00007ffff1499000 	C:\WINDOWS\System32\GDI32.dll
0x00007fffef4a0000 - 0x00007fffef5b8000 	C:\WINDOWS\System32\gdi32full.dll
0x00007fffef870000 - 0x00007fffef90d000 	C:\WINDOWS\System32\msvcp_win.dll
0x00007fffeef90000 - 0x00007fffef0a1000 	C:\WINDOWS\System32\ucrtbase.dll
0x00007fffd8780000 - 0x00007fffd8a25000 	C:\WINDOWS\WinSxS\amd64_microsoft.windows.common-controls_6595b64144ccf1df_6.0.22000.120_none_9d947278b86cc467\COMCTL32.dll
0x00007ffff12a0000 - 0x00007ffff12d2000 	C:\WINDOWS\System32\IMM32.DLL
0x000000005edd0000 - 0x000000005eea2000 	C:\Program Files\Java\jdk1.8.0_144\jre\bin\msvcr100.dll
0x0000000060860000 - 0x00000000610fd000 	C:\Program Files\Java\jdk1.8.0_144\jre\bin\server\jvm.dll
0x00007ffff1a70000 - 0x00007ffff1a78000 	C:\WINDOWS\System32\PSAPI.DLL
0x00007fffea010000 - 0x00007fffea043000 	C:\WINDOWS\SYSTEM32\WINMM.dll
0x00007fffe81e0000 - 0x00007fffe81ea000 	C:\WINDOWS\SYSTEM32\VERSION.dll
0x00007fffd8730000 - 0x00007fffd8739000 	C:\WINDOWS\SYSTEM32\WSOCK32.dll
0x00007fffef950000 - 0x00007fffef9bf000 	C:\WINDOWS\System32\WS2_32.dll
0x0000000060770000 - 0x000000006077f000 	C:\Program Files\Java\jdk1.8.0_144\jre\bin\verify.dll
0x0000000060740000 - 0x0000000060769000 	C:\Program Files\Java\jdk1.8.0_144\jre\bin\java.dll
0x0000000060720000 - 0x0000000060736000 	C:\Program Files\Java\jdk1.8.0_144\jre\bin\zip.dll

VM Arguments:
jvm_args: -Dfile.encoding=UTF-8 
java_command: test.interfaceusr
java_class_path (initial): C:\Users\Administrateur\Downloads\mysql-connector-j-8.0.32\mysql-connector-j-8.0.32\mysql-connector-j-8.0.32.jar;C:\Users\Administrateur\Downloads\jar_files\fontawesomefx-8.2.jar;C:\Users\Administrateur\Downloads\poi-bin-4.1.2-20200217\poi-4.1.2\poi-4.1.2.jar;C:\Users\Administrateur\Downloads\poi-bin-4.1.2-20200217\poi-4.1.2\poi-ooxml-4.1.2.jar;C:\Users\Administrateur\Downloads\poi-bin-4.1.2-20200217\poi-4.1.2\poi-ooxml-schemas-4.1.2.jar;C:\Users\Administrateur\Downloads\poi-bin-4.1.2-20200217\poi-4.1.2\lib\commons-collections4-4.4.jar;C:\Users\Administrateur\Downloads\poi-bin-4.1.2-20200217\poi-4.1.2\lib\commons-math3-3.6.1.jar;C:\Users\Administrateur\Downloads\poi-bin-4.1.2-20200217\poi-4.1.2\lib\commons-compress-1.19.jar;C:\Users\Administrateur\Downloads\poi-bin-4.1.2-20200217\poi-4.1.2\poi-scratchpad-4.1.2.jar;C:\Users\Administrateur\Downloads\poi-bin-4.1.2-20200217\poi-4.1.2\poi-excelant-4.1.2.jar;C:\Users\Administrateur\Downloads\poi-bin-4.1.2-20200217\poi-4.1.2\poi-examples-4.1.2.jar;C:\Users\Administrateur\Downloads\poi-bin-4.1.2-20200217\poi-4.1.2\ooxml-lib\xmlbeans-3.1.0.jar;C:\Users\Administrateur\Documents\NetBeansProjects\Projet-pidev\build\classes
Launcher Type: SUN_STANDARD

Environment Variables:
JAVA_HOME=C:\Program Files\Java\jdk1.8.0_144
PATH=C:\oraclexe\app\oracle\product\11.2.0\server\bin;C:\ProgramData\Oracle\Java\javapath;C:\Program Files\Common Files\Oracle\Java\javapath;C:\oraclexe\app\oracle\product\11.2.0\server\bin;C:\Program Files (x86)\Common Files\Intel\Shared Libraries\redist\intel64\compiler;C:\Program Files (x86)\VMware\VMware Player\bin\;C:\Windows\system32;C:\Windows;C:\Windows\System32\Wbem;C:\Windows\System32\WindowsPowerShell\v1.0\;C:\Windows\System32\OpenSSH\;C:\Program Files (x86)\NVIDIA Corporation\PhysX\Common;C:\Program Files\NVIDIA Corporation\NVIDIA NvDLISR;C:\TDM-GCC-64\bin;C:\WINDOWS\system32;C:\WINDOWS;C:\WINDOWS\System32\Wbem;C:\WINDOWS\System32\WindowsPowerShell\v1.0\;C:\WINDOWS\System32\OpenSSH\;C:\Strawberry\c\bin;C:\Strawberry\perl\site\bin;C:\Strawberry\perl\bin;C:\Program Files\TortoiseGit\bin;C:\instantclient12_2;C:\oraclexe\app\oracle\admin\XE;C:\oraclexe;C:\Program Files\Java\jdk1.8.0_144;C:\xampp\php;C:\ProgramData\ComposerSetup\bin;C:\Program Files\Git\cmd;C:\Users\Administrateur\AppData\Local\Microsoft\WindowsApps;C:\Users\Administrateur\AppData\Roaming\Composer\vendor\bin;C:\Users\Administrateur\AppData\Local\Programs\Microsoft VS Code\bin;C:\Users\Administrateur\AppData\Local\GitHubDesktop\bin
USERNAME=Administrateur
OS=Windows_NT
PROCESSOR_IDENTIFIER=Intel64 Family 6 Model 158 Stepping 10, GenuineIntel



---------------  S Y S T E M  ---------------

OS: Windows 10.0 , 64 bit Build 22000 (10.0.22000.1335)

CPU:total 12 (initial active 12) (6 cores per cpu, 2 threads per core) family 6 model 158 stepping 10, cmov, cx8, fxsr, mmx, sse, sse2, sse3, ssse3, sse4.1, sse4.2, popcnt, avx, avx2, aes, clmul, erms, 3dnowpref, lzcnt, ht, tsc, tscinvbit, bmi1, bmi2, adx

Memory: 4k page, physical 8236352k(523652k free), swap 33402176k(5620k free)

vm_info: Java HotSpot(TM) 64-Bit Server VM (25.144-b01) for windows-amd64 JRE (1.8.0_144-b01), built on Jul 21 2017 21:57:33 by "java_re" with MS VC++ 10.0 (VS2010)

time: Sat Mar 04 18:43:58 2023
elapsed time: 0 seconds (0d 0h 0m 0s)

