#
# There is insufficient memory for the Java Runtime Environment to continue.
# Native memory allocation (malloc) failed to allocate 32744 bytes for ChunkPool::allocate
# Possible reasons:
#   The system is out of physical RAM or swap space
#   In 32 bit mode, the process size limit was hit
# Possible solutions:
#   Reduce memory load on the system
#   Increase physical memory or swap space
#   Check if swap backing store is full
#   Use 64 bit Java on a 64 bit OS
#   Decrease Java heap size (-Xmx/-Xms)
#   Decrease number of Java threads
#   Decrease Java thread stack sizes (-Xss)
#   Set larger code cache with -XX:ReservedCodeCacheSize=
# This output file may be truncated or incomplete.
#
#  Out of Memory Error (allocation.cpp:273), pid=50844, tid=0x000000000000b7ac
#
# JRE version: Java(TM) SE Runtime Environment (8.0_144-b01) (build 1.8.0_144-b01)
# Java VM: Java HotSpot(TM) 64-Bit Server VM (25.144-b01 mixed mode windows-amd64 compressed oops)
# Failed to write core dump. Minidumps are not enabled by default on client versions of Windows
#

---------------  T H R E A D  ---------------

Current thread (0x00000000198cd800):  JavaThread "C1 CompilerThread3" daemon [_thread_in_native, id=47020, stack(0x000000001b250000,0x000000001b350000)]

Stack: [0x000000001b250000,0x000000001b350000]
[error occurred during error reporting (printing stack bounds), id 0xc0000005]

Native frames: (J=compiled Java code, j=interpreted, Vv=VM code, C=native code)


Current CompileTask:
C1: 572222 1087       3       java.net.URLStreamHandler::parseURL (1193 bytes)


---------------  P R O C E S S  ---------------

Java Threads: ( => current thread )
  0x000000001ba42800 JavaThread "Prism Font Disposer" daemon [_thread_blocked, id=48744, stack(0x0000000022bf0000,0x0000000022cf0000)]
  0x000000001b7d0000 JavaThread "mysql-cj-abandoned-connection-cleanup" daemon [_thread_blocked, id=32684, stack(0x0000000020fc0000,0x00000000210c0000)]
  0x000000001b76b800 JavaThread "Thread-3" daemon [_thread_in_native, id=2584, stack(0x0000000020dc0000,0x0000000020ec0000)]
  0x000000001b76d800 JavaThread "JavaFX-Launcher" [_thread_blocked, id=48104, stack(0x0000000020ec0000,0x0000000020fc0000)]
  0x000000001b6e5000 JavaThread "JavaFX Application Thread" [_thread_in_native, id=29524, stack(0x000000001c0c0000,0x000000001c1c0000)]
  0x000000001b6df000 JavaThread "Thread-1" daemon [_thread_blocked, id=9744, stack(0x000000001bfc0000,0x000000001c0c0000)]
  0x000000001b692000 JavaThread "QuantumRenderer-0" daemon [_thread_blocked, id=21456, stack(0x000000001bd50000,0x000000001be50000)]
  0x000000001995a800 JavaThread "Service Thread" daemon [_thread_blocked, id=48208, stack(0x000000001b350000,0x000000001b450000)]
=>0x00000000198cd800 JavaThread "C1 CompilerThread3" daemon [_thread_in_native, id=47020, stack(0x000000001b250000,0x000000001b350000)]
  0x00000000198c9800 JavaThread "C2 CompilerThread2" daemon [_thread_blocked, id=41396, stack(0x000000001b150000,0x000000001b250000)]
  0x00000000198c6800 JavaThread "C2 CompilerThread1" daemon [_thread_blocked, id=45076, stack(0x000000001b050000,0x000000001b150000)]
  0x00000000198bf800 JavaThread "C2 CompilerThread0" daemon [_thread_blocked, id=38440, stack(0x000000001af50000,0x000000001b050000)]
  0x00000000198bd800 JavaThread "Attach Listener" daemon [_thread_blocked, id=46456, stack(0x000000001ae50000,0x000000001af50000)]
  0x00000000198bb000 JavaThread "Signal Dispatcher" daemon [_thread_blocked, id=45472, stack(0x000000001ad50000,0x000000001ae50000)]
  0x00000000198b3000 JavaThread "Finalizer" daemon [_thread_blocked, id=39760, stack(0x000000001ab20000,0x000000001ac20000)]
  0x00000000030ba000 JavaThread "Reference Handler" daemon [_thread_blocked, id=47688, stack(0x000000001aa20000,0x000000001ab20000)]
  0x0000000002ebe800 JavaThread "main" [_thread_blocked, id=14264, stack(0x0000000002ec0000,0x0000000002fc0000)]

Other Threads:
  0x0000000019892800 VMThread [stack: 0x000000001a920000,0x000000001aa20000] [id=40296]
  0x000000001998b000 WatcherThread [stack: 0x000000001b450000,0x000000001b550000] [id=45088]

VM state:not at safepoint (normal execution)

VM Mutex/Monitor currently owned by a thread: None

Heap:
 PSYoungGen      total 37888K, used 10186K [0x00000000d6180000, 0x00000000d8b80000, 0x0000000100000000)
  eden space 32768K, 15% used [0x00000000d6180000,0x00000000d6679b48,0x00000000d8180000)
  from space 5120K, 99% used [0x00000000d8180000,0x00000000d8678f10,0x00000000d8680000)
  to   space 5120K, 0% used [0x00000000d8680000,0x00000000d8680000,0x00000000d8b80000)
 ParOldGen       total 86016K, used 3309K [0x0000000082400000, 0x0000000087800000, 0x00000000d6180000)
  object space 86016K, 3% used [0x0000000082400000,0x000000008273b538,0x0000000087800000)
 Metaspace       used 15977K, capacity 16496K, committed 16768K, reserved 1064960K
  class space    used 1998K, capacity 2151K, committed 2176K, reserved 1048576K

Card table byte_map: [0x0000000012480000,0x0000000012870000] byte_map_base: 0x000000001206e000

Marking Bits: (ParMarkBitMap*) 0x000000006107d850
 Begin Bits: [0x0000000013510000, 0x0000000015480000)
 End Bits:   [0x0000000015480000, 0x00000000173f0000)

Polling page: 0x0000000002df0000

CodeCache: size=245760Kb used=3743Kb max_used=3749Kb free=242016Kb
 bounds [0x00000000030c0000, 0x0000000003470000, 0x00000000120c0000]
 total_blobs=1628 nmethods=1086 adapters=455
 compilation: enabled

Compilation events (10 events):
Event: 6.565 Thread 0x00000000198cd800 nmethod 1081 0x0000000003464e10 code [0x0000000003465180, 0x00000000034671d8]
Event: 86.433 Thread 0x00000000198bf800 1082       4       com.sun.javafx.tk.quantum.QuantumToolkit$$Lambda$43/711696346::run (8 bytes)
Event: 86.437 Thread 0x00000000198bf800 nmethod 1082 0x000000000346aa50 code [0x000000000346aba0, 0x000000000346acf8]
Event: 150.568 Thread 0x00000000198cd800 1083       1       java.net.URL::getUserInfo (5 bytes)
Event: 150.569 Thread 0x00000000198cd800 nmethod 1083 0x000000000346a790 code [0x000000000346a8e0, 0x000000000346a9f0]
Event: 305.597 Thread 0x00000000198cd800 1084       3       sun.misc.Resource::<init> (5 bytes)
Event: 305.598 Thread 0x00000000198cd800 nmethod 1084 0x000000000346a3d0 code [0x000000000346a520, 0x000000000346a6d0]
Event: 390.616 Thread 0x00000000198cd800 1085       3       sun.misc.URLClassPath::findResource (47 bytes)
Event: 390.629 Thread 0x00000000198cd800 nmethod 1085 0x0000000003469cd0 code [0x0000000003469e60, 0x000000000346a228]
Event: 470.814 Thread 0x00000000198cd800 1087       3       java.net.URLStreamHandler::parseURL (1193 bytes)

GC Heap History (2 events):
Event: 1.293 GC heap before
{Heap before GC invocations=1 (full 0):
 PSYoungGen      total 37888K, used 32768K [0x00000000d6180000, 0x00000000d8b80000, 0x0000000100000000)
  eden space 32768K, 100% used [0x00000000d6180000,0x00000000d8180000,0x00000000d8180000)
  from space 5120K, 0% used [0x00000000d8680000,0x00000000d8680000,0x00000000d8b80000)
  to   space 5120K, 0% used [0x00000000d8180000,0x00000000d8180000,0x00000000d8680000)
 ParOldGen       total 86016K, used 0K [0x0000000082400000, 0x0000000087800000, 0x00000000d6180000)
  object space 86016K, 0% used [0x0000000082400000,0x0000000082400000,0x0000000087800000)
 Metaspace       used 15260K, capacity 15760K, committed 16000K, reserved 1062912K
  class space    used 1904K, capacity 2083K, committed 2176K, reserved 1048576K
Event: 1.303 GC heap after
Heap after GC invocations=1 (full 0):
 PSYoungGen      total 37888K, used 5091K [0x00000000d6180000, 0x00000000d8b80000, 0x0000000100000000)
  eden space 32768K, 0% used [0x00000000d6180000,0x00000000d6180000,0x00000000d8180000)
  from space 5120K, 99% used [0x00000000d8180000,0x00000000d8678f10,0x00000000d8680000)
  to   space 5120K, 0% used [0x00000000d8680000,0x00000000d8680000,0x00000000d8b80000)
 ParOldGen       total 86016K, used 3309K [0x0000000082400000, 0x0000000087800000, 0x00000000d6180000)
  object space 86016K, 3% used [0x0000000082400000,0x000000008273b538,0x0000000087800000)
 Metaspace       used 15260K, capacity 15760K, committed 16000K, reserved 1062912K
  class space    used 1904K, capacity 2083K, committed 2176K, reserved 1048576K
}

Deoptimization events (9 events):
Event: 0.130 Thread 0x0000000002ebe800 Uncommon trap: reason=unstable_if action=reinterpret pc=0x00000000031e2e38 method=java.lang.String.hashCode()I @ 14
Event: 0.465 Thread 0x000000001b6e5000 Uncommon trap: reason=unstable_if action=reinterpret pc=0x000000000326e08c method=java.lang.String.replace(CC)Ljava/lang/String; @ 26
Event: 0.465 Thread 0x000000001b6e5000 Uncommon trap: reason=unstable_if action=reinterpret pc=0x00000000032a1780 method=java.lang.String.indexOf([CII[CIII)I @ 134
Event: 0.532 Thread 0x000000001b6e5000 Uncommon trap: reason=unstable_if action=reinterpret pc=0x00000000032e0384 method=java.lang.AbstractStringBuilder.append(Ljava/lang/String;)Ljava/lang/AbstractStringBuilder; @ 1
Event: 0.717 Thread 0x000000001b6e5000 Uncommon trap: reason=unstable_if action=reinterpret pc=0x0000000003303204 method=java.util.Properties.loadConvert([CII[C)Ljava/lang/String; @ 4
Event: 0.717 Thread 0x000000001b6e5000 Uncommon trap: reason=unstable_if action=reinterpret pc=0x00000000032f6574 method=java.util.Properties$LineReader.readLine()I @ 252
Event: 0.735 Thread 0x000000001b6e5000 Uncommon trap: reason=unstable_if action=reinterpret pc=0x00000000033397ec method=java.util.Properties$LineReader.readLine()I @ 174
Event: 1.144 Thread 0x000000001b6e5000 Uncommon trap: reason=unstable_if action=reinterpret pc=0x00000000033827ac method=java.util.HashMap.getNode(ILjava/lang/Object;)Ljava/util/HashMap$Node; @ 84
Event: 1.144 Thread 0x000000001b6e5000 Uncommon trap: reason=unstable_if action=reinterpret pc=0x000000000337cfd4 method=java.util.HashMap.getNode(ILjava/lang/Object;)Ljava/util/HashMap$Node; @ 84

Internal exceptions (10 events):
Event: 0.187 Thread 0x0000000002ebe800 Exception <a 'java/security/PrivilegedActionException'> (0x00000000d647c4f8) thrown at [C:\re\workspace\8-2-build-windows-amd64-cygwin\jdk8u144\9417\hotspot\src\share\vm\prims\jvm.cpp, line 1390]
Event: 0.187 Thread 0x0000000002ebe800 Exception <a 'java/lang/NullPointerException'> (0x00000000d647cad0) thrown at [C:\re\workspace\8-2-build-windows-amd64-cygwin\jdk8u144\9417\hotspot\src\share\vm\interpreter\linkResolver.cpp, line 1197]
Event: 0.532 Thread 0x000000001b6e5000 Implicit null exception at 0x00000000032dffd6 to 0x00000000032e036d
Event: 0.935 Thread 0x000000001b6e5000 Exception <a 'java/lang/NullPointerException'> (0x00000000d798eb08) thrown at [C:\re\workspace\8-2-build-windows-amd64-cygwin\jdk8u144\9417\hotspot\src\share\vm\interpreter\linkResolver.cpp, line 1197]
Event: 0.935 Thread 0x000000001b6e5000 Exception <a 'java/lang/NullPointerException'> (0x00000000d798eb08) thrown at [C:\re\workspace\8-2-build-windows-amd64-cygwin\jdk8u144\9417\hotspot\src\share\vm\prims\jvm.cpp, line 1394]
Event: 1.064 Thread 0x000000001b6e5000 Exception <a 'java/lang/ArrayIndexOutOfBoundsException': 58> (0x00000000d7bc3ac8) thrown at [C:\re\workspace\8-2-build-windows-amd64-cygwin\jdk8u144\9417\hotspot\src\share\vm\interpreter\interpreterRuntime.cpp, line 366]
Event: 1.066 Thread 0x000000001b6e5000 Exception <a 'java/lang/ArrayIndexOutOfBoundsException': 18> (0x00000000d7bc4768) thrown at [C:\re\workspace\8-2-build-windows-amd64-cygwin\jdk8u144\9417\hotspot\src\share\vm\interpreter\interpreterRuntime.cpp, line 366]
Event: 1.066 Thread 0x000000001b6e5000 Exception <a 'java/lang/ArrayIndexOutOfBoundsException': 86> (0x00000000d7bc5b10) thrown at [C:\re\workspace\8-2-build-windows-amd64-cygwin\jdk8u144\9417\hotspot\src\share\vm\interpreter\interpreterRuntime.cpp, line 366]
Event: 1.176 Thread 0x000000001b6e5000 Exception <a 'java/lang/ArrayIndexOutOfBoundsException'> (0x00000000d7fa10a0) thrown at [C:\re\workspace\8-2-build-windows-amd64-cygwin\jdk8u144\9417\hotspot\src\share\vm\runtime\sharedRuntime.cpp, line 605]
Event: 1.176 Thread 0x000000001b6e5000 Exception <a 'java/lang/ArrayIndexOutOfBoundsException'> (0x00000000d7fa2518) thrown at [C:\re\workspace\8-2-build-windows-amd64-cygwin\jdk8u144\9417\hotspot\src\share\vm\runtime\sharedRuntime.cpp, line 605]

Events (10 events):
Event: 1.737 loading class javafx/fxml/FXMLLoader$ControllerAccessor$1
Event: 1.737 loading class javafx/fxml/FXMLLoader$ControllerAccessor$1 done
Event: 1.738 loading class javafx/fxml/FXML
Event: 1.738 loading class javafx/fxml/FXML done
Event: 1.741 loading class sun/reflect/UnsafeObjectFieldAccessorImpl
Event: 1.742 loading class sun/reflect/UnsafeObjectFieldAccessorImpl done
Event: 4.154 Executing VM operation: EnableBiasedLocking
Event: 4.155 Executing VM operation: EnableBiasedLocking done
Event: 501.894 Executing VM operation: CollectForMetadataAllocation
Event: 502.097 Executing VM operation: CollectForMetadataAllocation done


Dynamic libraries:
0x00007ff75bc80000 - 0x00007ff75bcb7000 	C:\Program Files\Java\jdk1.8.0_144\bin\java.exe
0x00007ffff1ac0000 - 0x00007ffff1cc9000 	C:\WINDOWS\SYSTEM32\ntdll.dll
0x00007ffff0e60000 - 0x00007ffff0f1e000 	C:\WINDOWS\System32\KERNEL32.DLL
0x00007fffef120000 - 0x00007fffef49b000 	C:\WINDOWS\System32\KERNELBASE.dll
0x00007ffff14a0000 - 0x00007ffff154e000 	C:\WINDOWS\System32\ADVAPI32.dll
0x00007ffff0390000 - 0x00007ffff0433000 	C:\WINDOWS\System32\msvcrt.dll
0x00007ffff0b70000 - 0x00007ffff0c0e000 	C:\WINDOWS\System32\sechost.dll
0x00007ffff09e0000 - 0x00007ffff0b00000 	C:\WINDOWS\System32\RPCRT4.dll
0x00007ffff01e0000 - 0x00007ffff038d000 	C:\WINDOWS\System32\USER32.dll
0x00007fffef910000 - 0x00007fffef936000 	C:\WINDOWS\System32\win32u.dll
0x00007ffff1470000 - 0x00007ffff1499000 	C:\WINDOWS\System32\GDI32.dll
0x00007fffef4a0000 - 0x00007fffef5b8000 	C:\WINDOWS\System32\gdi32full.dll
0x00007fffef870000 - 0x00007fffef90d000 	C:\WINDOWS\System32\msvcp_win.dll
0x00007fffeef90000 - 0x00007fffef0a1000 	C:\WINDOWS\System32\ucrtbase.dll
0x00007fffd8780000 - 0x00007fffd8a25000 	C:\WINDOWS\WinSxS\amd64_microsoft.windows.common-controls_6595b64144ccf1df_6.0.22000.120_none_9d947278b86cc467\COMCTL32.dll
0x00007ffff12a0000 - 0x00007ffff12d2000 	C:\WINDOWS\System32\IMM32.DLL
0x000000005edd0000 - 0x000000005eea2000 	C:\Program Files\Java\jdk1.8.0_144\jre\bin\msvcr100.dll
0x0000000060860000 - 0x00000000610fd000 	C:\Program Files\Java\jdk1.8.0_144\jre\bin\server\jvm.dll
0x00007ffff1a70000 - 0x00007ffff1a78000 	C:\WINDOWS\System32\PSAPI.DLL
0x00007fffea010000 - 0x00007fffea043000 	C:\WINDOWS\SYSTEM32\WINMM.dll
0x00007fffd8730000 - 0x00007fffd8739000 	C:\WINDOWS\SYSTEM32\WSOCK32.dll
0x00007fffe81e0000 - 0x00007fffe81ea000 	C:\WINDOWS\SYSTEM32\VERSION.dll
0x00007fffef950000 - 0x00007fffef9bf000 	C:\WINDOWS\System32\WS2_32.dll
0x0000000060770000 - 0x000000006077f000 	C:\Program Files\Java\jdk1.8.0_144\jre\bin\verify.dll
0x0000000060740000 - 0x0000000060769000 	C:\Program Files\Java\jdk1.8.0_144\jre\bin\java.dll
0x0000000060720000 - 0x0000000060736000 	C:\Program Files\Java\jdk1.8.0_144\jre\bin\zip.dll
0x00007fffefa20000 - 0x00007ffff01d7000 	C:\WINDOWS\System32\SHELL32.dll
0x00007fffed090000 - 0x00007fffed8f5000 	C:\WINDOWS\SYSTEM32\windows.storage.dll
0x00007ffff0f20000 - 0x00007ffff1298000 	C:\WINDOWS\System32\combase.dll
0x00007fffecf20000 - 0x00007fffed086000 	C:\WINDOWS\SYSTEM32\wintypes.dll
0x00007ffff12f0000 - 0x00007ffff13da000 	C:\WINDOWS\System32\SHCORE.dll
0x00007ffff0c30000 - 0x00007ffff0c8d000 	C:\WINDOWS\System32\shlwapi.dll
0x00007fffeeec0000 - 0x00007fffeeee1000 	C:\WINDOWS\SYSTEM32\profapi.dll
0x00007fffb9bb0000 - 0x00007fffb9c9f000 	C:\Program Files\Java\jdk1.8.0_144\jre\bin\msvcr120.dll
0x00007fffbb140000 - 0x00007fffbb1e6000 	C:\Program Files\Java\jdk1.8.0_144\jre\bin\msvcp120.dll
0x000000005eac0000 - 0x000000005eae2000 	C:\Program Files\Java\jdk1.8.0_144\jre\bin\prism_d3d.dll
0x00007fffddcc0000 - 0x00007fffdde66000 	C:\WINDOWS\system32\d3d9.dll
0x00007fffee100000 - 0x00007fffee118000 	C:\WINDOWS\SYSTEM32\kernel.appcore.dll
0x00007fffeca00000 - 0x00007fffeca2f000 	C:\WINDOWS\SYSTEM32\dwmapi.dll
0x00007fffec7a0000 - 0x00007fffec7d8000 	C:\WINDOWS\SYSTEM32\dxcore.dll
0x00007fffec6c0000 - 0x00007fffec76c000 	C:\WINDOWS\system32\uxtheme.dll
0x00007fff9ec30000 - 0x00007fff9edf2000 	C:\WINDOWS\System32\DriverStore\FileRepository\iigd_dch.inf_amd64_74dc8483545826b6\igdumdim64.dll
0x00007fffe5aa0000 - 0x00007fffe5bba000 	C:\WINDOWS\System32\DriverStore\FileRepository\iigd_dch.inf_amd64_74dc8483545826b6\igdgmm64.dll
0x00007fff51580000 - 0x00007fff54fad000 	C:\WINDOWS\System32\DriverStore\FileRepository\iigd_dch.inf_amd64_74dc8483545826b6\igd9dxva64.dll
0x00007ffff0560000 - 0x00007ffff06fa000 	C:\WINDOWS\System32\OLE32.dll
0x00007ffff0c90000 - 0x00007ffff0d66000 	C:\WINDOWS\System32\OLEAUT32.dll
0x00007fffe8b10000 - 0x00007fffe8b54000 	C:\WINDOWS\SYSTEM32\directxdatabasehelper.dll
0x00007fffee120000 - 0x00007fffee154000 	C:\WINDOWS\SYSTEM32\ntmarta.dll
0x000000005ea70000 - 0x000000005eab3000 	C:\Program Files\Java\jdk1.8.0_144\jre\bin\glass.dll
0x00007ffff0d70000 - 0x00007ffff0e5c000 	C:\WINDOWS\System32\COMDLG32.dll
0x00007ffff0440000 - 0x00007ffff055d000 	C:\WINDOWS\System32\MSCTF.dll
0x00007fffef730000 - 0x00007fffef7af000 	C:\WINDOWS\System32\bcryptPrimitives.dll
0x00007fffb0830000 - 0x00007fffb0851000 	C:\WINDOWS\System32\DriverStore\FileRepository\iigd_dch.inf_amd64_74dc8483545826b6\igdinfo64.dll
0x00007fffe0bd0000 - 0x00007fffe2b98000 	C:\WINDOWS\System32\DriverStore\FileRepository\iigd_dch.inf_amd64_74dc8483545826b6\igc64.dll
0x0000000061a70000 - 0x0000000061a8a000 	C:\Program Files\Java\jdk1.8.0_144\jre\bin\net.dll
0x00007fffee5a0000 - 0x00007fffee607000 	C:\WINDOWS\system32\mswsock.dll
0x00007fffedc60000 - 0x00007fffedd48000 	C:\WINDOWS\SYSTEM32\DNSAPI.dll
0x00007fffedc30000 - 0x00007fffedc5d000 	C:\WINDOWS\SYSTEM32\IPHLPAPI.DLL
0x00007fffef940000 - 0x00007fffef949000 	C:\WINDOWS\System32\NSI.dll
0x00007fffe6e80000 - 0x00007fffe6e8a000 	C:\Windows\System32\rasadhlp.dll
0x00007fffe81f0000 - 0x00007fffe8271000 	C:\WINDOWS\System32\fwpuclnt.dll
0x000000005ea50000 - 0x000000005ea64000 	C:\Program Files\Java\jdk1.8.0_144\jre\bin\javafx_font.dll
0x00007fffd1830000 - 0x00007fffd1a8f000 	C:\WINDOWS\SYSTEM32\dwrite.dll

VM Arguments:
jvm_args: -Dfile.encoding=UTF-8 
java_command: test.NewFXMain
java_class_path (initial): C:\Users\Administrateur\Downloads\mysql-connector-j-8.0.32\mysql-connector-j-8.0.32\mysql-connector-j-8.0.32.jar;C:\Users\Administrateur\Downloads\jar_files\fontawesomefx-8.2.jar;C:\Users\Administrateur\Downloads\poi-bin-4.1.2-20200217\poi-4.1.2\poi-4.1.2.jar;C:\Users\Administrateur\Downloads\poi-bin-4.1.2-20200217\poi-4.1.2\poi-ooxml-4.1.2.jar;C:\Users\Administrateur\Downloads\poi-bin-4.1.2-20200217\poi-4.1.2\poi-ooxml-schemas-4.1.2.jar;C:\Users\Administrateur\Downloads\poi-bin-4.1.2-20200217\poi-4.1.2\lib\commons-collections4-4.4.jar;C:\Users\Administrateur\Downloads\poi-bin-4.1.2-20200217\poi-4.1.2\lib\commons-math3-3.6.1.jar;C:\Users\Administrateur\Downloads\poi-bin-4.1.2-20200217\poi-4.1.2\lib\commons-compress-1.19.jar;C:\Users\Administrateur\Downloads\poi-bin-4.1.2-20200217\poi-4.1.2\poi-scratchpad-4.1.2.jar;C:\Users\Administrateur\Downloads\poi-bin-4.1.2-20200217\poi-4.1.2\poi-excelant-4.1.2.jar;C:\Users\Administrateur\Downloads\poi-bin-4.1.2-20200217\poi-4.1.2\poi-examples-4.1.2.jar;C:\Users\Administrateur\Downloads\poi-bin-4.1.2-20200217\poi-4.1.2\ooxml-lib\xmlbeans-3.1.0.jar;C:\Users\Administrateur\Documents\NetBeansProjects\Projet-pidev\build\classes
Launcher Type: SUN_STANDARD

Environment Variables:
JAVA_HOME=C:\Program Files\Java\jdk1.8.0_144
PATH=C:\oraclexe\app\oracle\product\11.2.0\server\bin;C:\ProgramData\Oracle\Java\javapath;C:\Program Files\Common Files\Oracle\Java\javapath;C:\oraclexe\app\oracle\product\11.2.0\server\bin;C:\Program Files (x86)\Common Files\Intel\Shared Libraries\redist\intel64\compiler;C:\Program Files (x86)\VMware\VMware Player\bin\;C:\Windows\system32;C:\Windows;C:\Windows\System32\Wbem;C:\Windows\System32\WindowsPowerShell\v1.0\;C:\Windows\System32\OpenSSH\;C:\Program Files (x86)\NVIDIA Corporation\PhysX\Common;C:\Program Files\NVIDIA Corporation\NVIDIA NvDLISR;C:\TDM-GCC-64\bin;C:\WINDOWS\system32;C:\WINDOWS;C:\WINDOWS\System32\Wbem;C:\WINDOWS\System32\WindowsPowerShell\v1.0\;C:\WINDOWS\System32\OpenSSH\;C:\Strawberry\c\bin;C:\Strawberry\perl\site\bin;C:\Strawberry\perl\bin;C:\Program Files\TortoiseGit\bin;C:\instantclient12_2;C:\oraclexe\app\oracle\admin\XE;C:\oraclexe;C:\Program Files\Java\jdk1.8.0_144;C:\xampp\php;C:\ProgramData\ComposerSetup\bin;C:\Program Files\Git\cmd;C:\Users\Administrateur\AppData\Local\Microsoft\WindowsApps;C:\Users\Administrateur\AppData\Roaming\Composer\vendor\bin;C:\Users\Administrateur\AppData\Local\Programs\Microsoft VS Code\bin;C:\Users\Administrateur\AppData\Local\GitHubDesktop\bin
USERNAME=Administrateur
OS=Windows_NT
PROCESSOR_IDENTIFIER=Intel64 Family 6 Model 158 Stepping 10, GenuineIntel



---------------  S Y S T E M  ---------------

OS: Windows 10.0 , 64 bit Build 22000 (10.0.22000.1335)

CPU:total 12 (initial active 12) (6 cores per cpu, 2 threads per core) family 6 model 158 stepping 10, cmov, cx8, fxsr, mmx, sse, sse2, sse3, ssse3, sse4.1, sse4.2, popcnt, avx, avx2, aes, clmul, erms, 3dnowpref, lzcnt, ht, tsc, tscinvbit, bmi1, bmi2, adx

Memory: 4k page, physical 8236352k(162832k free), swap 33402176k(6192k free)

vm_info: Java HotSpot(TM) 64-Bit Server VM (25.144-b01) for windows-amd64 JRE (1.8.0_144-b01), built on Jul 21 2017 21:57:33 by "java_re" with MS VC++ 10.0 (VS2010)

time: Sat Mar 04 19:44:41 2023
elapsed time: 572 seconds (0d 0h 9m 32s)

